Log file open, 09/17/20 13:35:35
LogInit: Display: Running engine for game: ParaPong
LogPlatformFile: Not using cached read wrapper
LogTaskGraph: Started task graph with 5 named threads and 11 total threads with 3 sets of task threads.
LogStats: Stats thread started at 0.263760
LogD3D11RHI: Loaded GFSDK_Aftermath_Lib.x64.dll
LogICUInternationalization: ICU TimeZone Detection - Raw Offset: -3:00, Platform Override: ''
LogPluginManager: Mounting plugin Paper2D
LogPluginManager: Mounting plugin AISupport
LogPluginManager: Mounting plugin LightPropagationVolume
LogPluginManager: Mounting plugin CameraShakePreviewer
LogPluginManager: Mounting plugin ActorLayerUtilities
LogPluginManager: Mounting plugin AnimationSharing
LogPluginManager: Mounting plugin CLionSourceCodeAccess
LogPluginManager: Mounting plugin CodeLiteSourceCodeAccess
LogPluginManager: Mounting plugin GitSourceControl
LogPluginManager: Mounting plugin KDevelopSourceCodeAccess
LogPluginManager: Mounting plugin NullSourceCodeAccess
LogPluginManager: Mounting plugin PerforceSourceControl
LogPluginManager: Mounting plugin PlasticSourceControl
LogPluginManager: Mounting plugin RiderSourceCodeAccess
LogPluginManager: Mounting plugin SubversionSourceControl
LogPluginManager: Mounting plugin UObjectPlugin
LogPluginManager: Mounting plugin VisualStudioCodeSourceCodeAccess
LogPluginManager: Mounting plugin VisualStudioSourceCodeAccess
LogPluginManager: Mounting plugin XCodeSourceCodeAccess
LogPluginManager: Mounting plugin AssetManagerEditor
LogPluginManager: Mounting plugin CryptoKeys
LogPluginManager: Mounting plugin CurveEditorTools
LogPluginManager: Mounting plugin DataValidation
LogPluginManager: Mounting plugin EditorScriptingUtilities
LogPluginManager: Mounting plugin FacialAnimation
LogPluginManager: Mounting plugin GameplayTagsEditor
LogPluginManager: Mounting plugin GeometryMode
LogPluginManager: Mounting plugin MacGraphicsSwitching
LogPluginManager: Mounting plugin MaterialAnalyzer
LogPluginManager: Mounting plugin MobileLauncherProfileWizard
LogPluginManager: Mounting plugin PluginBrowser
LogPluginManager: Mounting plugin SpeedTreeImporter
LogPluginManager: Mounting plugin DatasmithContent
LogPluginManager: Mounting plugin VariantManagerContent
LogPluginManager: Mounting plugin AlembicImporter
LogPluginManager: Mounting plugin AutomationUtils
LogPluginManager: Mounting plugin BackChannel
LogPluginManager: Mounting plugin ChaosCloth
LogPluginManager: Mounting plugin ChaosClothEditor
LogPluginManager: Mounting plugin ChaosEditor
LogPluginManager: Mounting plugin ChaosNiagara
LogPluginManager: Mounting plugin ChaosSolverPlugin
LogPluginManager: Mounting plugin CharacterAI
LogPluginManager: Mounting plugin GeometryCache
LogPluginManager: Mounting plugin GeometryCollectionPlugin
LogPluginManager: Mounting plugin GeometryProcessing
LogPluginManager: Mounting plugin PlanarCut
LogPluginManager: Mounting plugin PlatformCrypto
LogPluginManager: Mounting plugin ProxyLODPlugin
LogPluginManager: Mounting plugin SkeletalReduction
LogPluginManager: Mounting plugin Niagara
LogPluginManager: Mounting plugin MagicLeap
LogPluginManager: Mounting plugin MagicLeapLightEstimation
LogPluginManager: Mounting plugin MagicLeapMedia
LogPluginManager: Mounting plugin MagicLeapPassableWorld
LogPluginManager: Mounting plugin MLSDK
LogPluginManager: Mounting plugin AndroidMedia
LogPluginManager: Mounting plugin AvfMedia
LogPluginManager: Mounting plugin ImgMedia
LogPluginManager: Mounting plugin MediaCompositing
LogPluginManager: Mounting plugin MediaPlayerEditor
LogPluginManager: Mounting plugin WebMMedia
LogPluginManager: Mounting plugin WmfMedia
LogPluginManager: Mounting plugin MeshPainting
LogPluginManager: Mounting plugin TcpMessaging
LogPluginManager: Mounting plugin UdpMessaging
LogPluginManager: Mounting plugin ActorSequence
LogPluginManager: Mounting plugin LevelSequenceEditor
LogPluginManager: Mounting plugin MatineeToLevelSequence
LogPluginManager: Mounting plugin MovieRenderPipeline
LogPluginManager: Mounting plugin TemplateSequence
LogPluginManager: Mounting plugin NetcodeUnitTest
LogPluginManager: Mounting plugin NUTUnrealEngine4
LogPluginManager: Mounting plugin OnlineSubsystemGooglePlay
LogPluginManager: Mounting plugin OnlineSubsystemIOS
LogPluginManager: Mounting plugin OnlineSubsystem
LogPluginManager: Mounting plugin OnlineSubsystemNull
LogPluginManager: Mounting plugin OnlineSubsystemUtils
LogPluginManager: Mounting plugin LauncherChunkInstaller
LogPluginManager: Mounting plugin AndroidDeviceProfileSelector
LogPluginManager: Mounting plugin AndroidMoviePlayer
LogPluginManager: Mounting plugin AndroidPermission
LogPluginManager: Mounting plugin AppleImageUtils
LogPluginManager: Mounting plugin AppleMoviePlayer
LogPluginManager: Mounting plugin ArchVisCharacter
LogPluginManager: Mounting plugin AssetTags
LogPluginManager: Mounting plugin AudioCapture
LogPluginManager: Mounting plugin CableComponent
LogPluginManager: Mounting plugin CustomMeshComponent
LogPluginManager: Mounting plugin EditableMesh
LogPluginManager: Mounting plugin ExampleDeviceProfileSelector
LogPluginManager: Mounting plugin GoogleCloudMessaging
LogPluginManager: Mounting plugin GooglePAD
LogPluginManager: Mounting plugin IOSDeviceProfileSelector
LogPluginManager: Mounting plugin LinuxDeviceProfileSelector
LogPluginManager: Mounting plugin LocationServicesBPLibrary
LogPluginManager: Mounting plugin MobilePatchingUtils
LogPluginManager: Mounting plugin OculusVR
LogPluginManager: Mounting plugin PhysXVehicles
LogPluginManager: Mounting plugin PostSplashScreen
LogPluginManager: Mounting plugin ProceduralMeshComponent
LogPluginManager: Mounting plugin RuntimePhysXCooking
LogPluginManager: Mounting plugin SignificanceManager
LogPluginManager: Mounting plugin SoundFields
LogPluginManager: Mounting plugin SteamVR
LogPluginManager: Mounting plugin Synthesis
LogPluginManager: Mounting plugin WebMMoviePlayer
LogPluginManager: Mounting plugin WindowsMoviePlayer
LogPluginManager: Mounting plugin ScreenshotTools
LogInit: Using libcurl 7.55.1-DEV
LogInit:  - built for x86_64-pc-win32
LogInit:  - supports SSL with OpenSSL/1.1.1
LogInit:  - supports HTTP deflate (compression) using libz 1.2.8
LogInit:  - other features:
LogInit:      CURL_VERSION_SSL
LogInit:      CURL_VERSION_LIBZ
LogInit:      CURL_VERSION_IPV6
LogInit:      CURL_VERSION_ASYNCHDNS
LogInit:      CURL_VERSION_LARGEFILE
LogInit:      CURL_VERSION_IDN
LogInit:  CurlRequestOptions (configurable via config and command line):
LogInit:  - bVerifyPeer = true  - Libcurl will verify peer certificate
LogInit:  - bUseHttpProxy = false  - Libcurl will NOT use HTTP proxy
LogInit:  - bDontReuseConnections = false  - Libcurl will reuse connections
LogInit:  - MaxHostConnections = 16  - Libcurl will limit the number of connections to a host
LogInit:  - LocalHostAddr = Default
LogInit:  - BufferSize = 65536
LogOnline: OSS: Creating online subsystem instance for: NULL
LogInit: WinSock: version 1.1 (2.2), MaxSocks=32767, MaxUdp=65467
LogOnline: OSS: TryLoadSubsystemAndSetDefault: Loaded subsystem for module [NULL]
LogInit: Build: ++UE4+Release-4.25-CL-13942748
LogInit: Engine Version: 4.25.3-13942748+++UE4+Release-4.25
LogInit: Compatible Engine Version: 4.25.0-13144385+++UE4+Release-4.25
LogInit: Net CL: 13144385
LogInit: OS: Windows 10 (Release 2004) (), CPU: Intel(R) Core(TM) i7-7500U CPU @ 2.70GHz, GPU: Intel(R) HD Graphics 620
LogInit: Compiled (64-bit): Jul 25 2020 02:07:48
LogInit: Compiled with Visual C++: 19.24.28315.00
LogInit: Build Configuration: Development
LogInit: Branch Name: ++UE4+Release-4.25
LogInit: Command Line:  -EpicPortal -epicusername=murilorespingo -epicuserid=820fd64b9efe44fc890954df1ae4c11e -epiclocale=pt-BR
LogInit: Base Directory: C:/Program Files/Epic Games/UE_4.25/Engine/Binaries/Win64/
LogInit: Allocator: TBB
LogInit: Installed Engine Build: 1
LogDevObjectVersion: Number of dev versions registered: 26
LogDevObjectVersion:   Dev-Blueprints (B0D832E4-1F89-4F0D-ACCF-7EB736FD4AA2): 10
LogDevObjectVersion:   Dev-Build (E1C64328-A22C-4D53-A36C-8E866417BD8C): 0
LogDevObjectVersion:   Dev-Core (375EC13C-06E4-48FB-B500-84F0262A717E): 4
LogDevObjectVersion:   Dev-Editor (E4B068ED-F494-42E9-A231-DA0B2E46BB41): 38
LogDevObjectVersion:   Dev-Framework (CFFC743F-43B0-4480-9391-14DF171D2073): 37
LogDevObjectVersion:   Dev-Mobile (B02B49B5-BB20-44E9-A304-32B752E40360): 2
LogDevObjectVersion:   Dev-Networking (A4E4105C-59A1-49B5-A7C5-40C4547EDFEE): 0
LogDevObjectVersion:   Dev-Online (39C831C9-5AE6-47DC-9A44-9C173E1C8E7C): 0
LogDevObjectVersion:   Dev-Physics (78F01B33-EBEA-4F98-B9B4-84EACCB95AA2): 4
LogDevObjectVersion:   Dev-Platform (6631380F-2D4D-43E0-8009-CF276956A95A): 0
LogDevObjectVersion:   Dev-Rendering (12F88B9F-8875-4AFC-A67C-D90C383ABD29): 43
LogDevObjectVersion:   Dev-Sequencer (7B5AE74C-D270-4C10-A958-57980B212A5A): 12
LogDevObjectVersion:   Dev-VR (D7296918-1DD6-4BDD-9DE2-64A83CC13884): 3
LogDevObjectVersion:   Dev-LoadTimes (C2A15278-BFE7-4AFE-6C17-90FF531DF755): 1
LogDevObjectVersion:   Private-Geometry (6EACA3D4-40EC-4CC1-B786-8BED09428FC5): 3
LogDevObjectVersion:   Dev-AnimPhys (29E575DD-E0A3-4627-9D10-D276232CDCEA): 17
LogDevObjectVersion:   Dev-Anim (AF43A65D-7FD3-4947-9873-3E8ED9C1BB05): 7
LogDevObjectVersion:   Dev-ReflectionCapture (6B266CEC-1EC7-4B8F-A30B-E4D90942FC07): 1
LogDevObjectVersion:   Dev-Automation (0DF73D61-A23F-47EA-B727-89E90C41499A): 1
LogDevObjectVersion:   FortniteMain (601D1886-AC64-4F84-AA16-D3DE0DEAC7D6): 31
LogDevObjectVersion:   Dev-Enterprise (9DFFBCD6-494F-0158-E221-12823C92A888): 10
LogDevObjectVersion:   Dev-Niagara (F2AED0AC-9AFE-416F-8664-AA7FFA26D6FC): 1
LogDevObjectVersion:   Dev-Destruction (174F1F0B-B4C6-45A5-B13F-2EE8D0FB917D): 10
LogDevObjectVersion:   Dev-Physics-Ext (35F94A83-E258-406C-A318-09F59610247C): 37
LogDevObjectVersion:   Dev-PhysicsMaterial-Chaos (B68FC16E-8B1B-42E2-B453-215C058844FE): 1
LogDevObjectVersion:   Dev-CineCamera (B2E18506-4273-CFC2-A54E-F4BB758BBA07): 1
LogInit: Presizing for max 25165824 objects, including 0 objects not considered by GC, pre-allocating 0 bytes for permanent pool.
LogConfig: Applying CVar settings from Section [/Script/Engine.StreamingSettings] File [C:/Users/ms7mu/Desktop/documentos/git/muriloms/game-parapong/ParaPong/Saved/Config/Windows/Engine.ini]
LogConfig: Setting CVar [[s.MinBulkDataSizeForAsyncLoading:131072]]
LogConfig: Setting CVar [[s.AsyncLoadingThreadEnabled:0]]
LogConfig: Setting CVar [[s.EventDrivenLoaderEnabled:1]]
LogConfig: Setting CVar [[s.WarnIfTimeLimitExceeded:0]]
LogConfig: Setting CVar [[s.TimeLimitExceededMultiplier:1.5]]
LogConfig: Setting CVar [[s.TimeLimitExceededMinTime:0.005]]
LogConfig: Setting CVar [[s.UseBackgroundLevelStreaming:1]]
LogConfig: Setting CVar [[s.PriorityAsyncLoadingExtraTime:15.0]]
LogConfig: Setting CVar [[s.LevelStreamingActorsUpdateTimeLimit:5.0]]
LogConfig: Setting CVar [[s.PriorityLevelStreamingActorsUpdateExtraTime:5.0]]
LogConfig: Setting CVar [[s.LevelStreamingComponentsRegistrationGranularity:10]]
LogConfig: Setting CVar [[s.UnregisterComponentsTimeLimit:1.0]]
LogConfig: Setting CVar [[s.LevelStreamingComponentsUnregistrationGranularity:5]]
LogConfig: Setting CVar [[s.FlushStreamingOnExit:1]]
LogInit: Object subsystem initialized
LogConfig: Setting CVar [[con.DebugEarlyDefault:1]]
LogConfig: Setting CVar [[r.setres:1280x720]]
[2020.09.17-16.35.35:841][  0]LogConfig: Setting CVar [[r.VSync:0]]
[2020.09.17-16.35.35:841][  0]LogConfig: Setting CVar [[r.RHICmdBypass:0]]
[2020.09.17-16.35.35:841][  0]LogConfig: Applying CVar settings from Section [/Script/Engine.RendererSettings] File [C:/Users/ms7mu/Desktop/documentos/git/muriloms/game-parapong/ParaPong/Saved/Config/Windows/Engine.ini]
[2020.09.17-16.35.35:841][  0]LogConfig: Setting CVar [[r.GPUCrashDebugging:0]]
[2020.09.17-16.35.35:841][  0]LogConfig: Applying CVar settings from Section [/Script/Engine.RendererOverrideSettings] File [C:/Users/ms7mu/Desktop/documentos/git/muriloms/game-parapong/ParaPong/Saved/Config/Windows/Engine.ini]
[2020.09.17-16.35.35:841][  0]LogConfig: Applying CVar settings from Section [/Script/Engine.StreamingSettings] File [C:/Users/ms7mu/Desktop/documentos/git/muriloms/game-parapong/ParaPong/Saved/Config/Windows/Engine.ini]
[2020.09.17-16.35.35:841][  0]LogConfig: Setting CVar [[s.MinBulkDataSizeForAsyncLoading:131072]]
[2020.09.17-16.35.35:841][  0]LogConfig: Setting CVar [[s.AsyncLoadingThreadEnabled:0]]
[2020.09.17-16.35.35:841][  0]LogConfig: Setting CVar [[s.EventDrivenLoaderEnabled:1]]
[2020.09.17-16.35.35:841][  0]LogConfig: Setting CVar [[s.WarnIfTimeLimitExceeded:0]]
[2020.09.17-16.35.35:841][  0]LogConfig: Setting CVar [[s.TimeLimitExceededMultiplier:1.5]]
[2020.09.17-16.35.35:841][  0]LogConfig: Setting CVar [[s.TimeLimitExceededMinTime:0.005]]
[2020.09.17-16.35.35:841][  0]LogConfig: Setting CVar [[s.UseBackgroundLevelStreaming:1]]
[2020.09.17-16.35.35:841][  0]LogConfig: Setting CVar [[s.PriorityAsyncLoadingExtraTime:15.0]]
[2020.09.17-16.35.35:841][  0]LogConfig: Setting CVar [[s.LevelStreamingActorsUpdateTimeLimit:5.0]]
[2020.09.17-16.35.35:841][  0]LogConfig: Setting CVar [[s.PriorityLevelStreamingActorsUpdateExtraTime:5.0]]
[2020.09.17-16.35.35:841][  0]LogConfig: Setting CVar [[s.LevelStreamingComponentsRegistrationGranularity:10]]
[2020.09.17-16.35.35:841][  0]LogConfig: Setting CVar [[s.UnregisterComponentsTimeLimit:1.0]]
[2020.09.17-16.35.35:841][  0]LogConfig: Setting CVar [[s.LevelStreamingComponentsUnregistrationGranularity:5]]
[2020.09.17-16.35.35:841][  0]LogConfig: Setting CVar [[s.FlushStreamingOnExit:1]]
[2020.09.17-16.35.35:841][  0]LogConfig: Applying CVar settings from Section [/Script/Engine.GarbageCollectionSettings] File [C:/Users/ms7mu/Desktop/documentos/git/muriloms/game-parapong/ParaPong/Saved/Config/Windows/Engine.ini]
[2020.09.17-16.35.35:841][  0]LogConfig: Setting CVar [[gc.MaxObjectsNotConsideredByGC:1]]
[2020.09.17-16.35.35:841][  0]LogConfig: Setting CVar [[gc.SizeOfPermanentObjectPool:0]]
[2020.09.17-16.35.35:841][  0]LogConfig: Setting CVar [[gc.FlushStreamingOnGC:0]]
[2020.09.17-16.35.35:841][  0]LogConfig: Setting CVar [[gc.NumRetriesBeforeForcingGC:10]]
[2020.09.17-16.35.35:841][  0]LogConfig: Setting CVar [[gc.AllowParallelGC:1]]
[2020.09.17-16.35.35:841][  0]LogConfig: Setting CVar [[gc.TimeBetweenPurgingPendingKillObjects:61.1]]
[2020.09.17-16.35.35:841][  0]LogConfig: Setting CVar [[gc.MaxObjectsInEditor:25165824]]
[2020.09.17-16.35.35:841][  0]LogConfig: Setting CVar [[gc.IncrementalBeginDestroyEnabled:1]]
[2020.09.17-16.35.35:841][  0]LogConfig: Setting CVar [[gc.CreateGCClusters:1]]
[2020.09.17-16.35.35:841][  0]LogConfig: Setting CVar [[gc.MinGCClusterSize:5]]
[2020.09.17-16.35.35:841][  0]LogConfig: Setting CVar [[gc.ActorClusteringEnabled:0]]
[2020.09.17-16.35.35:841][  0]LogConfig: Setting CVar [[gc.BlueprintClusteringEnabled:0]]
[2020.09.17-16.35.35:841][  0]LogConfig: Setting CVar [[gc.UseDisregardForGCOnDedicatedServers:0]]
[2020.09.17-16.35.35:841][  0]LogConfig: Applying CVar settings from Section [/Script/Engine.NetworkSettings] File [C:/Users/ms7mu/Desktop/documentos/git/muriloms/game-parapong/ParaPong/Saved/Config/Windows/Engine.ini]
[2020.09.17-16.35.35:841][  0]LogConfig: Applying CVar settings from Section [/Script/UnrealEd.CookerSettings] File [C:/Users/ms7mu/Desktop/documentos/git/muriloms/game-parapong/ParaPong/Saved/Config/Windows/Engine.ini]
[2020.09.17-16.35.35:846][  0]LogConfig: Applying CVar settings from Section [ViewDistanceQuality@3] File [C:/Users/ms7mu/Desktop/documentos/git/muriloms/game-parapong/ParaPong/Saved/Config/Windows/Scalability.ini]
[2020.09.17-16.35.35:846][  0]LogConfig: Setting CVar [[r.SkeletalMeshLODBias:0]]
[2020.09.17-16.35.35:846][  0]LogConfig: Setting CVar [[r.ViewDistanceScale:1.0]]
[2020.09.17-16.35.35:846][  0]LogConfig: Applying CVar settings from Section [AntiAliasingQuality@3] File [C:/Users/ms7mu/Desktop/documentos/git/muriloms/game-parapong/ParaPong/Saved/Config/Windows/Scalability.ini]
[2020.09.17-16.35.35:846][  0]LogConfig: Setting CVar [[r.PostProcessAAQuality:4]]
[2020.09.17-16.35.35:846][  0]LogConfig: Applying CVar settings from Section [ShadowQuality@3] File [C:/Users/ms7mu/Desktop/documentos/git/muriloms/game-parapong/ParaPong/Saved/Config/Windows/Scalability.ini]
[2020.09.17-16.35.35:846][  0]LogConfig: Setting CVar [[r.LightFunctionQuality:1]]
[2020.09.17-16.35.35:846][  0]LogConfig: Setting CVar [[r.ShadowQuality:5]]
[2020.09.17-16.35.35:846][  0]LogConfig: Setting CVar [[r.Shadow.CSM.MaxCascades:10]]
[2020.09.17-16.35.35:846][  0]LogConfig: Setting CVar [[r.Shadow.MaxResolution:2048]]
[2020.09.17-16.35.35:846][  0]LogConfig: Setting CVar [[r.Shadow.MaxCSMResolution:2048]]
[2020.09.17-16.35.35:847][  0]LogConfig: Setting CVar [[r.Shadow.RadiusThreshold:0.01]]
[2020.09.17-16.35.35:847][  0]LogConfig: Setting CVar [[r.Shadow.DistanceScale:1.0]]
[2020.09.17-16.35.35:847][  0]LogConfig: Setting CVar [[r.Shadow.CSM.TransitionScale:1.0]]
[2020.09.17-16.35.35:847][  0]LogConfig: Setting CVar [[r.Shadow.PreShadowResolutionFactor:1.0]]
[2020.09.17-16.35.35:847][  0]LogConfig: Setting CVar [[r.DistanceFieldShadowing:1]]
[2020.09.17-16.35.35:847][  0]LogConfig: Setting CVar [[r.DistanceFieldAO:1]]
[2020.09.17-16.35.35:847][  0]LogConfig: Setting CVar [[r.AOQuality:2]]
[2020.09.17-16.35.35:847][  0]LogConfig: Setting CVar [[r.VolumetricFog:1]]
[2020.09.17-16.35.35:847][  0]LogConfig: Setting CVar [[r.VolumetricFog.GridPixelSize:8]]
[2020.09.17-16.35.35:847][  0]LogConfig: Setting CVar [[r.VolumetricFog.GridSizeZ:128]]
[2020.09.17-16.35.35:847][  0]LogConfig: Setting CVar [[r.VolumetricFog.HistoryMissSupersampleCount:4]]
[2020.09.17-16.35.35:847][  0]LogConfig: Setting CVar [[r.LightMaxDrawDistanceScale:1]]
[2020.09.17-16.35.35:847][  0]LogConfig: Setting CVar [[r.CapsuleShadows:1]]
[2020.09.17-16.35.35:847][  0]LogConfig: Applying CVar settings from Section [PostProcessQuality@3] File [C:/Users/ms7mu/Desktop/documentos/git/muriloms/game-parapong/ParaPong/Saved/Config/Windows/Scalability.ini]
[2020.09.17-16.35.35:847][  0]LogConfig: Setting CVar [[r.MotionBlurQuality:4]]
[2020.09.17-16.35.35:847][  0]LogConfig: Setting CVar [[r.AmbientOcclusionMipLevelFactor:0.4]]
[2020.09.17-16.35.35:847][  0]LogConfig: Setting CVar [[r.AmbientOcclusionMaxQuality:100]]
[2020.09.17-16.35.35:847][  0]LogConfig: Setting CVar [[r.AmbientOcclusionLevels:-1]]
[2020.09.17-16.35.35:847][  0]LogConfig: Setting CVar [[r.AmbientOcclusionRadiusScale:1.0]]
[2020.09.17-16.35.35:847][  0]LogConfig: Setting CVar [[r.DepthOfFieldQuality:2]]
[2020.09.17-16.35.35:847][  0]LogConfig: Setting CVar [[r.RenderTargetPoolMin:400]]
[2020.09.17-16.35.35:847][  0]LogConfig: Setting CVar [[r.LensFlareQuality:2]]
[2020.09.17-16.35.35:847][  0]LogConfig: Setting CVar [[r.SceneColorFringeQuality:1]]
[2020.09.17-16.35.35:847][  0]LogConfig: Setting CVar [[r.EyeAdaptationQuality:2]]
[2020.09.17-16.35.35:847][  0]LogConfig: Setting CVar [[r.BloomQuality:5]]
[2020.09.17-16.35.35:847][  0]LogConfig: Setting CVar [[r.FastBlurThreshold:100]]
[2020.09.17-16.35.35:847][  0]LogConfig: Setting CVar [[r.Upscale.Quality:3]]
[2020.09.17-16.35.35:847][  0]LogConfig: Setting CVar [[r.Tonemapper.GrainQuantization:1]]
[2020.09.17-16.35.35:847][  0]LogConfig: Setting CVar [[r.LightShaftQuality:1]]
[2020.09.17-16.35.35:847][  0]LogConfig: Setting CVar [[r.Filter.SizeScale:1]]
[2020.09.17-16.35.35:847][  0]LogConfig: Setting CVar [[r.Tonemapper.Quality:5]]
[2020.09.17-16.35.35:847][  0]LogConfig: Setting CVar [[r.DOF.Gather.AccumulatorQuality:1        ; higher gathering accumulator quality]]
[2020.09.17-16.35.35:847][  0]LogConfig: Setting CVar [[r.DOF.Gather.PostfilterMethod:1          ; Median3x3 postfilering method]]
[2020.09.17-16.35.35:848][  0]LogConfig: Setting CVar [[r.DOF.Gather.EnableBokehSettings:0       ; no bokeh simulation when gathering]]
[2020.09.17-16.35.35:848][  0]LogConfig: Setting CVar [[r.DOF.Gather.RingCount:4                 ; medium number of samples when gathering]]
[2020.09.17-16.35.35:848][  0]LogConfig: Setting CVar [[r.DOF.Scatter.ForegroundCompositing:1    ; additive foreground scattering]]
[2020.09.17-16.35.35:848][  0]LogConfig: Setting CVar [[r.DOF.Scatter.BackgroundCompositing:2    ; additive background scattering]]
[2020.09.17-16.35.35:848][  0]LogConfig: Setting CVar [[r.DOF.Scatter.EnableBokehSettings:1      ; bokeh simulation when scattering]]
[2020.09.17-16.35.35:848][  0]LogConfig: Setting CVar [[r.DOF.Scatter.MaxSpriteRatio:0.1         ; only a maximum of 10% of scattered bokeh]]
[2020.09.17-16.35.35:848][  0]LogConfig: Setting CVar [[r.DOF.Recombine.Quality:1                ; cheap slight out of focus]]
[2020.09.17-16.35.35:848][  0]LogConfig: Setting CVar [[r.DOF.Recombine.EnableBokehSettings:0    ; no bokeh simulation on slight out of focus]]
[2020.09.17-16.35.35:848][  0]LogConfig: Setting CVar [[r.DOF.TemporalAAQuality:1                ; more stable temporal accumulation]]
[2020.09.17-16.35.35:848][  0]LogConfig: Setting CVar [[r.DOF.Kernel.MaxForegroundRadius:0.025]]
[2020.09.17-16.35.35:848][  0]LogConfig: Setting CVar [[r.DOF.Kernel.MaxBackgroundRadius:0.025]]
[2020.09.17-16.35.35:848][  0]LogConfig: Applying CVar settings from Section [TextureQuality@3] File [C:/Users/ms7mu/Desktop/documentos/git/muriloms/game-parapong/ParaPong/Saved/Config/Windows/Scalability.ini]
[2020.09.17-16.35.35:848][  0]LogConfig: Setting CVar [[r.Streaming.MipBias:0]]
[2020.09.17-16.35.35:848][  0]LogConfig: Setting CVar [[r.Streaming.AmortizeCPUToGPUCopy:0]]
[2020.09.17-16.35.35:848][  0]LogConfig: Setting CVar [[r.Streaming.MaxNumTexturesToStreamPerFrame:0]]
[2020.09.17-16.35.35:848][  0]LogConfig: Setting CVar [[r.Streaming.Boost:1]]
[2020.09.17-16.35.35:848][  0]LogConfig: Setting CVar [[r.MaxAnisotropy:8]]
[2020.09.17-16.35.35:848][  0]LogConfig: Setting CVar [[r.VT.MaxAnisotropy:8]]
[2020.09.17-16.35.35:848][  0]LogConfig: Setting CVar [[r.Streaming.LimitPoolSizeToVRAM:0]]
[2020.09.17-16.35.35:848][  0]LogConfig: Setting CVar [[r.Streaming.PoolSize:1000]]
[2020.09.17-16.35.35:848][  0]LogConfig: Setting CVar [[r.Streaming.MaxEffectiveScreenSize:0]]
[2020.09.17-16.35.35:848][  0]LogConfig: Applying CVar settings from Section [EffectsQuality@3] File [C:/Users/ms7mu/Desktop/documentos/git/muriloms/game-parapong/ParaPong/Saved/Config/Windows/Scalability.ini]
[2020.09.17-16.35.35:848][  0]LogConfig: Setting CVar [[r.TranslucencyLightingVolumeDim:64]]
[2020.09.17-16.35.35:848][  0]LogConfig: Setting CVar [[r.RefractionQuality:2]]
[2020.09.17-16.35.35:848][  0]LogConfig: Setting CVar [[r.SSR.Quality:3]]
[2020.09.17-16.35.35:848][  0]LogConfig: Setting CVar [[r.SSR.HalfResSceneColor:0]]
[2020.09.17-16.35.35:848][  0]LogConfig: Setting CVar [[r.SceneColorFormat:4]]
[2020.09.17-16.35.35:848][  0]LogConfig: Setting CVar [[r.DetailMode:2]]
[2020.09.17-16.35.35:848][  0]LogConfig: Setting CVar [[r.TranslucencyVolumeBlur:1]]
[2020.09.17-16.35.35:848][  0]LogConfig: Setting CVar [[r.MaterialQualityLevel:1 ; High quality]]
[2020.09.17-16.35.35:848][  0]LogConfig: Setting CVar [[r.SSS.Scale:1]]
[2020.09.17-16.35.35:848][  0]LogConfig: Setting CVar [[r.SSS.SampleSet:2]]
[2020.09.17-16.35.35:848][  0]LogConfig: Setting CVar [[r.SSS.Quality:1]]
[2020.09.17-16.35.35:848][  0]LogConfig: Setting CVar [[r.SSS.HalfRes:0]]
[2020.09.17-16.35.35:848][  0]LogConfig: Setting CVar [[r.SSGI.Quality:3]]
[2020.09.17-16.35.35:848][  0]LogConfig: Setting CVar [[r.EmitterSpawnRateScale:1.0]]
[2020.09.17-16.35.35:848][  0]LogConfig: Setting CVar [[r.ParticleLightQuality:2]]
[2020.09.17-16.35.35:848][  0]LogConfig: Setting CVar [[r.SkyAtmosphere.AerialPerspectiveLUT.FastApplyOnOpaque:1 ; Always have FastSkyLUT 1 in this case to avoid wrong sky]]
[2020.09.17-16.35.35:848][  0]LogConfig: Setting CVar [[r.SkyAtmosphere.AerialPerspectiveLUT.SampleCountPerSlice:1]]
[2020.09.17-16.35.35:848][  0]LogConfig: Setting CVar [[r.SkyAtmosphere.AerialPerspectiveLUT.DepthResolution:16.0]]
[2020.09.17-16.35.35:848][  0]LogConfig: Setting CVar [[r.SkyAtmosphere.FastSkyLUT:1]]
[2020.09.17-16.35.35:848][  0]LogConfig: Setting CVar [[r.SkyAtmosphere.FastSkyLUT.SampleCountMin:4.0]]
[2020.09.17-16.35.35:848][  0]LogConfig: Setting CVar [[r.SkyAtmosphere.FastSkyLUT.SampleCountMax:32.0]]
[2020.09.17-16.35.35:848][  0]LogConfig: Setting CVar [[r.SkyAtmosphere.SampleCountMin:4.0]]
[2020.09.17-16.35.35:848][  0]LogConfig: Setting CVar [[r.SkyAtmosphere.SampleCountMax:32.0]]
[2020.09.17-16.35.35:848][  0]LogConfig: Setting CVar [[r.SkyAtmosphere.TransmittanceLUT.UseSmallFormat:0]]
[2020.09.17-16.35.35:848][  0]LogConfig: Setting CVar [[r.SkyAtmosphere.TransmittanceLUT.SampleCount:10.0]]
[2020.09.17-16.35.35:848][  0]LogConfig: Setting CVar [[r.SkyAtmosphere.MultiScatteringLUT.SampleCount:15.0]]
[2020.09.17-16.35.35:848][  0]LogConfig: Applying CVar settings from Section [FoliageQuality@3] File [C:/Users/ms7mu/Desktop/documentos/git/muriloms/game-parapong/ParaPong/Saved/Config/Windows/Scalability.ini]
[2020.09.17-16.35.35:848][  0]LogConfig: Setting CVar [[foliage.DensityScale:1.0]]
[2020.09.17-16.35.35:848][  0]LogConfig: Setting CVar [[grass.DensityScale:1.0]]
[2020.09.17-16.35.35:848][  0]LogConfig: Applying CVar settings from Section [ShadingQuality@3] File [C:/Users/ms7mu/Desktop/documentos/git/muriloms/game-parapong/ParaPong/Saved/Config/Windows/Scalability.ini]
[2020.09.17-16.35.35:848][  0]LogConfig: Setting CVar [[r.HairStrands.SkyLighting.SampleCount:16]]
[2020.09.17-16.35.35:848][  0]LogConfig: Setting CVar [[r.HairStrands.SkyLighting.JitterIntegration:0]]
[2020.09.17-16.35.35:848][  0]LogConfig: Setting CVar [[r.HairStrands.SkyAO.SampleCount:16]]
[2020.09.17-16.35.35:848][  0]LogConfig: Setting CVar [[r.HairStrands.DeepShadow.SuperSampling:0]]
[2020.09.17-16.35.35:848][  0]LogConfig: Setting CVar [[r.HairStrands.VisibilityPPLL:0]]
[2020.09.17-16.35.35:848][  0]LogConfig: Setting CVar [[r.HairStrands.RasterizationScale:0.5]]
[2020.09.17-16.35.35:848][  0]LogConfig: Setting CVar [[r.HairStrands.VelocityRasterizationScale:1]]
[2020.09.17-16.35.35:849][  0]LogInit: Selected Device Profile: [Windows]
[2020.09.17-16.35.35:849][  0]LogInit: Applying CVar settings loaded from the selected device profile: [Windows]
[2020.09.17-16.35.35:849][  0]LogHAL: Display: Platform has ~ 20 GB [21344391168 / 34359738368 / 20], which maps to Larger [LargestMinGB=32, LargerMinGB=12, DefaultMinGB=8, SmallerMinGB=6, SmallestMinGB=0)
[2020.09.17-16.35.35:849][  0]LogInit: Going up to parent DeviceProfile []
[2020.09.17-16.35.35:849][  0]LogConfig: Applying CVar settings from Section [ViewDistanceQuality@3] File [C:/Users/ms7mu/Desktop/documentos/git/muriloms/game-parapong/ParaPong/Saved/Config/Windows/Scalability.ini]
[2020.09.17-16.35.35:849][  0]LogConfig: Setting CVar [[r.SkeletalMeshLODBias:0]]
[2020.09.17-16.35.35:849][  0]LogConfig: Setting CVar [[r.ViewDistanceScale:1.0]]
[2020.09.17-16.35.35:849][  0]LogConfig: Applying CVar settings from Section [AntiAliasingQuality@3] File [C:/Users/ms7mu/Desktop/documentos/git/muriloms/game-parapong/ParaPong/Saved/Config/Windows/Scalability.ini]
[2020.09.17-16.35.35:849][  0]LogConfig: Setting CVar [[r.PostProcessAAQuality:4]]
[2020.09.17-16.35.35:849][  0]LogConfig: Applying CVar settings from Section [ShadowQuality@3] File [C:/Users/ms7mu/Desktop/documentos/git/muriloms/game-parapong/ParaPong/Saved/Config/Windows/Scalability.ini]
[2020.09.17-16.35.35:849][  0]LogConfig: Setting CVar [[r.LightFunctionQuality:1]]
[2020.09.17-16.35.35:849][  0]LogConfig: Setting CVar [[r.ShadowQuality:5]]
[2020.09.17-16.35.35:849][  0]LogConfig: Setting CVar [[r.Shadow.CSM.MaxCascades:10]]
[2020.09.17-16.35.35:849][  0]LogConfig: Setting CVar [[r.Shadow.MaxResolution:2048]]
[2020.09.17-16.35.35:849][  0]LogConfig: Setting CVar [[r.Shadow.MaxCSMResolution:2048]]
[2020.09.17-16.35.35:849][  0]LogConfig: Setting CVar [[r.Shadow.RadiusThreshold:0.01]]
[2020.09.17-16.35.35:849][  0]LogConfig: Setting CVar [[r.Shadow.DistanceScale:1.0]]
[2020.09.17-16.35.35:849][  0]LogConfig: Setting CVar [[r.Shadow.CSM.TransitionScale:1.0]]
[2020.09.17-16.35.35:849][  0]LogConfig: Setting CVar [[r.Shadow.PreShadowResolutionFactor:1.0]]
[2020.09.17-16.35.35:849][  0]LogConfig: Setting CVar [[r.DistanceFieldShadowing:1]]
[2020.09.17-16.35.35:849][  0]LogConfig: Setting CVar [[r.DistanceFieldAO:1]]
[2020.09.17-16.35.35:849][  0]LogConfig: Setting CVar [[r.AOQuality:2]]
[2020.09.17-16.35.35:849][  0]LogConfig: Setting CVar [[r.VolumetricFog:1]]
[2020.09.17-16.35.35:849][  0]LogConfig: Setting CVar [[r.VolumetricFog.GridPixelSize:8]]
[2020.09.17-16.35.35:849][  0]LogConfig: Setting CVar [[r.VolumetricFog.GridSizeZ:128]]
[2020.09.17-16.35.35:849][  0]LogConfig: Setting CVar [[r.VolumetricFog.HistoryMissSupersampleCount:4]]
[2020.09.17-16.35.35:849][  0]LogConfig: Setting CVar [[r.LightMaxDrawDistanceScale:1]]
[2020.09.17-16.35.35:849][  0]LogConfig: Setting CVar [[r.CapsuleShadows:1]]
[2020.09.17-16.35.35:849][  0]LogConfig: Applying CVar settings from Section [PostProcessQuality@3] File [C:/Users/ms7mu/Desktop/documentos/git/muriloms/game-parapong/ParaPong/Saved/Config/Windows/Scalability.ini]
[2020.09.17-16.35.35:849][  0]LogConfig: Setting CVar [[r.MotionBlurQuality:4]]
[2020.09.17-16.35.35:849][  0]LogConfig: Setting CVar [[r.AmbientOcclusionMipLevelFactor:0.4]]
[2020.09.17-16.35.35:849][  0]LogConfig: Setting CVar [[r.AmbientOcclusionMaxQuality:100]]
[2020.09.17-16.35.35:849][  0]LogConfig: Setting CVar [[r.AmbientOcclusionLevels:-1]]
[2020.09.17-16.35.35:849][  0]LogConfig: Setting CVar [[r.AmbientOcclusionRadiusScale:1.0]]
[2020.09.17-16.35.35:849][  0]LogConfig: Setting CVar [[r.DepthOfFieldQuality:2]]
[2020.09.17-16.35.35:849][  0]LogConfig: Setting CVar [[r.RenderTargetPoolMin:400]]
[2020.09.17-16.35.35:849][  0]LogConfig: Setting CVar [[r.LensFlareQuality:2]]
[2020.09.17-16.35.35:849][  0]LogConfig: Setting CVar [[r.SceneColorFringeQuality:1]]
[2020.09.17-16.35.35:849][  0]LogConfig: Setting CVar [[r.EyeAdaptationQuality:2]]
[2020.09.17-16.35.35:849][  0]LogConfig: Setting CVar [[r.BloomQuality:5]]
[2020.09.17-16.35.35:849][  0]LogConfig: Setting CVar [[r.FastBlurThreshold:100]]
[2020.09.17-16.35.35:849][  0]LogConfig: Setting CVar [[r.Upscale.Quality:3]]
[2020.09.17-16.35.35:849][  0]LogConfig: Setting CVar [[r.Tonemapper.GrainQuantization:1]]
[2020.09.17-16.35.35:849][  0]LogConfig: Setting CVar [[r.LightShaftQuality:1]]
[2020.09.17-16.35.35:849][  0]LogConfig: Setting CVar [[r.Filter.SizeScale:1]]
[2020.09.17-16.35.35:849][  0]LogConfig: Setting CVar [[r.Tonemapper.Quality:5]]
[2020.09.17-16.35.35:849][  0]LogConfig: Setting CVar [[r.DOF.Gather.AccumulatorQuality:1        ; higher gathering accumulator quality]]
[2020.09.17-16.35.35:849][  0]LogConfig: Setting CVar [[r.DOF.Gather.PostfilterMethod:1          ; Median3x3 postfilering method]]
[2020.09.17-16.35.35:849][  0]LogConfig: Setting CVar [[r.DOF.Gather.EnableBokehSettings:0       ; no bokeh simulation when gathering]]
[2020.09.17-16.35.35:849][  0]LogConfig: Setting CVar [[r.DOF.Gather.RingCount:4                 ; medium number of samples when gathering]]
[2020.09.17-16.35.35:849][  0]LogConfig: Setting CVar [[r.DOF.Scatter.ForegroundCompositing:1    ; additive foreground scattering]]
[2020.09.17-16.35.35:849][  0]LogConfig: Setting CVar [[r.DOF.Scatter.BackgroundCompositing:2    ; additive background scattering]]
[2020.09.17-16.35.35:849][  0]LogConfig: Setting CVar [[r.DOF.Scatter.EnableBokehSettings:1      ; bokeh simulation when scattering]]
[2020.09.17-16.35.35:849][  0]LogConfig: Setting CVar [[r.DOF.Scatter.MaxSpriteRatio:0.1         ; only a maximum of 10% of scattered bokeh]]
[2020.09.17-16.35.35:849][  0]LogConfig: Setting CVar [[r.DOF.Recombine.Quality:1                ; cheap slight out of focus]]
[2020.09.17-16.35.35:849][  0]LogConfig: Setting CVar [[r.DOF.Recombine.EnableBokehSettings:0    ; no bokeh simulation on slight out of focus]]
[2020.09.17-16.35.35:849][  0]LogConfig: Setting CVar [[r.DOF.TemporalAAQuality:1                ; more stable temporal accumulation]]
[2020.09.17-16.35.35:849][  0]LogConfig: Setting CVar [[r.DOF.Kernel.MaxForegroundRadius:0.025]]
[2020.09.17-16.35.35:850][  0]LogConfig: Setting CVar [[r.DOF.Kernel.MaxBackgroundRadius:0.025]]
[2020.09.17-16.35.35:850][  0]LogConfig: Applying CVar settings from Section [TextureQuality@3] File [C:/Users/ms7mu/Desktop/documentos/git/muriloms/game-parapong/ParaPong/Saved/Config/Windows/Scalability.ini]
[2020.09.17-16.35.35:850][  0]LogConfig: Setting CVar [[r.Streaming.MipBias:0]]
[2020.09.17-16.35.35:850][  0]LogConfig: Setting CVar [[r.Streaming.AmortizeCPUToGPUCopy:0]]
[2020.09.17-16.35.35:850][  0]LogConfig: Setting CVar [[r.Streaming.MaxNumTexturesToStreamPerFrame:0]]
[2020.09.17-16.35.35:850][  0]LogConfig: Setting CVar [[r.Streaming.Boost:1]]
[2020.09.17-16.35.35:850][  0]LogConfig: Setting CVar [[r.MaxAnisotropy:8]]
[2020.09.17-16.35.35:850][  0]LogConfig: Setting CVar [[r.VT.MaxAnisotropy:8]]
[2020.09.17-16.35.35:850][  0]LogConfig: Setting CVar [[r.Streaming.LimitPoolSizeToVRAM:0]]
[2020.09.17-16.35.35:850][  0]LogConfig: Setting CVar [[r.Streaming.PoolSize:1000]]
[2020.09.17-16.35.35:850][  0]LogConfig: Setting CVar [[r.Streaming.MaxEffectiveScreenSize:0]]
[2020.09.17-16.35.35:850][  0]LogConfig: Applying CVar settings from Section [EffectsQuality@3] File [C:/Users/ms7mu/Desktop/documentos/git/muriloms/game-parapong/ParaPong/Saved/Config/Windows/Scalability.ini]
[2020.09.17-16.35.35:850][  0]LogConfig: Setting CVar [[r.TranslucencyLightingVolumeDim:64]]
[2020.09.17-16.35.35:850][  0]LogConfig: Setting CVar [[r.RefractionQuality:2]]
[2020.09.17-16.35.35:850][  0]LogConfig: Setting CVar [[r.SSR.Quality:3]]
[2020.09.17-16.35.35:850][  0]LogConfig: Setting CVar [[r.SSR.HalfResSceneColor:0]]
[2020.09.17-16.35.35:850][  0]LogConfig: Setting CVar [[r.SceneColorFormat:4]]
[2020.09.17-16.35.35:850][  0]LogConfig: Setting CVar [[r.DetailMode:2]]
[2020.09.17-16.35.35:850][  0]LogConfig: Setting CVar [[r.TranslucencyVolumeBlur:1]]
[2020.09.17-16.35.35:850][  0]LogConfig: Setting CVar [[r.MaterialQualityLevel:1 ; High quality]]
[2020.09.17-16.35.35:850][  0]LogConfig: Setting CVar [[r.SSS.Scale:1]]
[2020.09.17-16.35.35:850][  0]LogConfig: Setting CVar [[r.SSS.SampleSet:2]]
[2020.09.17-16.35.35:850][  0]LogConfig: Setting CVar [[r.SSS.Quality:1]]
[2020.09.17-16.35.35:850][  0]LogConfig: Setting CVar [[r.SSS.HalfRes:0]]
[2020.09.17-16.35.35:850][  0]LogConfig: Setting CVar [[r.SSGI.Quality:3]]
[2020.09.17-16.35.35:850][  0]LogConfig: Setting CVar [[r.EmitterSpawnRateScale:1.0]]
[2020.09.17-16.35.35:850][  0]LogConfig: Setting CVar [[r.ParticleLightQuality:2]]
[2020.09.17-16.35.35:850][  0]LogConfig: Setting CVar [[r.SkyAtmosphere.AerialPerspectiveLUT.FastApplyOnOpaque:1 ; Always have FastSkyLUT 1 in this case to avoid wrong sky]]
[2020.09.17-16.35.35:850][  0]LogConfig: Setting CVar [[r.SkyAtmosphere.AerialPerspectiveLUT.SampleCountPerSlice:1]]
[2020.09.17-16.35.35:850][  0]LogConfig: Setting CVar [[r.SkyAtmosphere.AerialPerspectiveLUT.DepthResolution:16.0]]
[2020.09.17-16.35.35:850][  0]LogConfig: Setting CVar [[r.SkyAtmosphere.FastSkyLUT:1]]
[2020.09.17-16.35.35:850][  0]LogConfig: Setting CVar [[r.SkyAtmosphere.FastSkyLUT.SampleCountMin:4.0]]
[2020.09.17-16.35.35:850][  0]LogConfig: Setting CVar [[r.SkyAtmosphere.FastSkyLUT.SampleCountMax:32.0]]
[2020.09.17-16.35.35:850][  0]LogConfig: Setting CVar [[r.SkyAtmosphere.SampleCountMin:4.0]]
[2020.09.17-16.35.35:850][  0]LogConfig: Setting CVar [[r.SkyAtmosphere.SampleCountMax:32.0]]
[2020.09.17-16.35.35:850][  0]LogConfig: Setting CVar [[r.SkyAtmosphere.TransmittanceLUT.UseSmallFormat:0]]
[2020.09.17-16.35.35:850][  0]LogConfig: Setting CVar [[r.SkyAtmosphere.TransmittanceLUT.SampleCount:10.0]]
[2020.09.17-16.35.35:850][  0]LogConfig: Setting CVar [[r.SkyAtmosphere.MultiScatteringLUT.SampleCount:15.0]]
[2020.09.17-16.35.35:850][  0]LogConfig: Applying CVar settings from Section [FoliageQuality@3] File [C:/Users/ms7mu/Desktop/documentos/git/muriloms/game-parapong/ParaPong/Saved/Config/Windows/Scalability.ini]
[2020.09.17-16.35.35:850][  0]LogConfig: Setting CVar [[foliage.DensityScale:1.0]]
[2020.09.17-16.35.35:850][  0]LogConfig: Setting CVar [[grass.DensityScale:1.0]]
[2020.09.17-16.35.35:850][  0]LogConfig: Applying CVar settings from Section [ShadingQuality@3] File [C:/Users/ms7mu/Desktop/documentos/git/muriloms/game-parapong/ParaPong/Saved/Config/Windows/Scalability.ini]
[2020.09.17-16.35.35:850][  0]LogConfig: Setting CVar [[r.HairStrands.SkyLighting.SampleCount:16]]
[2020.09.17-16.35.35:850][  0]LogConfig: Setting CVar [[r.HairStrands.SkyLighting.JitterIntegration:0]]
[2020.09.17-16.35.35:850][  0]LogConfig: Setting CVar [[r.HairStrands.SkyAO.SampleCount:16]]
[2020.09.17-16.35.35:850][  0]LogConfig: Setting CVar [[r.HairStrands.DeepShadow.SuperSampling:0]]
[2020.09.17-16.35.35:850][  0]LogConfig: Setting CVar [[r.HairStrands.VisibilityPPLL:0]]
[2020.09.17-16.35.35:850][  0]LogConfig: Setting CVar [[r.HairStrands.RasterizationScale:0.5]]
[2020.09.17-16.35.35:850][  0]LogConfig: Setting CVar [[r.HairStrands.VelocityRasterizationScale:1]]
[2020.09.17-16.35.35:850][  0]LogConfig: Applying CVar settings from Section [Startup] File [../../../Engine/Config/ConsoleVariables.ini]
[2020.09.17-16.35.35:850][  0]LogConfig: Setting CVar [[net.UseAdaptiveNetUpdateFrequency:0]]
[2020.09.17-16.35.35:850][  0]LogConfig: Setting CVar [[p.chaos.AllowCreatePhysxBodies:1]]
[2020.09.17-16.35.35:850][  0]LogConfig: Setting CVar [[fx.SkipVectorVMBackendOptimizations:1]]
[2020.09.17-16.35.35:850][  0]LogConfig: Applying CVar settings from Section [ConsoleVariables] File [C:/Users/ms7mu/Desktop/documentos/git/muriloms/game-parapong/ParaPong/Saved/Config/Windows/Engine.ini]
[2020.09.17-16.35.35:851][  0]LogInit: Computer: DESKTOP-GDBH5HP
[2020.09.17-16.35.35:851][  0]LogInit: User: ms7mu
[2020.09.17-16.35.35:851][  0]LogInit: CPU Page size=4096, Cores=2
[2020.09.17-16.35.35:851][  0]LogInit: High frequency timer resolution =10.000000 MHz
[2020.09.17-16.35.35:851][  0]LogMemory: Memory total: Physical=19.9GB (20GB approx)
[2020.09.17-16.35.35:851][  0]LogMemory: Platform Memory Stats for Windows
[2020.09.17-16.35.35:851][  0]LogMemory: Process Physical Memory: 115.19 MB used, 115.20 MB peak
[2020.09.17-16.35.35:851][  0]LogMemory: Process Virtual Memory: 103.22 MB used, 103.22 MB peak
[2020.09.17-16.35.35:851][  0]LogMemory: Physical Memory: 8852.93 MB used,  11502.67 MB free, 20355.60 MB total
[2020.09.17-16.35.35:851][  0]LogMemory: Virtual Memory: 5132.71 MB used,  134212592.00 MB free, 134217728.00 MB total
[2020.09.17-16.35.35:856][  0]LogWindows: WindowsPlatformFeatures enabled
[2020.09.17-16.35.35:893][  0]LogInit: Physics initialised using underlying interface: PhysX
[2020.09.17-16.35.35:894][  0]LogInit: Overriding language with editor language configuration option (en).
[2020.09.17-16.35.35:894][  0]LogInit: Overriding locale with editor locale configuration option (en).
[2020.09.17-16.35.36:116][  0]LogInit: Setting process to per monitor DPI aware
[2020.09.17-16.35.36:168][  0]LogSlate: New Slate User Created.  User Index 0, Is Virtual User: 0
[2020.09.17-16.35.36:168][  0]LogSlate: Slate User Registered.  User Index 0, Is Virtual User: 0
[2020.09.17-16.35.36:411][  0]LogHMD: Failed to initialize OpenVR with code 110
[2020.09.17-16.35.36:411][  0]LogD3D11RHI: D3D11 min allowed feature level: 11_0
[2020.09.17-16.35.36:411][  0]LogD3D11RHI: D3D11 max allowed feature level: 11_0
[2020.09.17-16.35.36:411][  0]LogD3D11RHI: D3D11 adapters:
[2020.09.17-16.35.36:515][  0]LogD3D11RHI:    0. 'NVIDIA GeForce 940MX' (Feature Level 11_0)
[2020.09.17-16.35.36:515][  0]LogD3D11RHI:       2010/0/10177 MB DedicatedVideo/DedicatedSystem/SharedSystem, Outputs:2, VendorId:0x10de
[2020.09.17-16.35.36:537][  0]LogD3D11RHI:    1. 'Intel(R) HD Graphics 620' (Feature Level 11_0)
[2020.09.17-16.35.36:537][  0]LogD3D11RHI:       128/0/10177 MB DedicatedVideo/DedicatedSystem/SharedSystem, Outputs:0, VendorId:0x8086
[2020.09.17-16.35.36:540][  0]LogD3D11RHI:    2. 'Microsoft Basic Render Driver' (Feature Level 11_0)
[2020.09.17-16.35.36:540][  0]LogD3D11RHI:       0/0/10177 MB DedicatedVideo/DedicatedSystem/SharedSystem, Outputs:0, VendorId:0x1414
[2020.09.17-16.35.36:540][  0]LogD3D11RHI: Chosen D3D11 Adapter: 0
[2020.09.17-16.35.36:592][  0]LogD3D11RHI: Creating new Direct3DDevice
[2020.09.17-16.35.36:592][  0]LogD3D11RHI:     GPU DeviceId: 0x134d (for the marketing name, search the web for "GPU Device Id")
[2020.09.17-16.35.36:592][  0]LogWindows: EnumDisplayDevices:
[2020.09.17-16.35.36:592][  0]LogWindows:    0. 'Intel(R) HD Graphics 620' (P:1 D:1)
[2020.09.17-16.35.36:593][  0]LogWindows:    1. 'Intel(R) HD Graphics 620' (P:0 D:1)
[2020.09.17-16.35.36:593][  0]LogWindows:    2. 'Intel(R) HD Graphics 620' (P:0 D:0)
[2020.09.17-16.35.36:593][  0]LogWindows: DebugString: PrimaryIsNotTheChoosenAdapter PrimaryIsNotTheChoosenAdapter PrimaryIsNotTheChoosenAdapter FoundDriverCount:0 
[2020.09.17-16.35.36:593][  0]LogD3D11RHI:     Adapter Name: NVIDIA GeForce 940MX
[2020.09.17-16.35.36:593][  0]LogD3D11RHI:   Driver Version: Unknown (internal:Unknown, unified:Unknown)
[2020.09.17-16.35.36:593][  0]LogD3D11RHI:      Driver Date: Unknown
[2020.09.17-16.35.36:593][  0]LogRHI: Texture pool is 1407 MB (70% of 2010 MB)
[2020.09.17-16.35.36:660][  0]LogD3D11RHI: RHI has support for 64 bit atomics
[2020.09.17-16.35.36:662][  0]LogD3D11RHI: [Aftermath] Enabled and primed
[2020.09.17-16.35.36:662][  0]LogD3D11RHI: Async texture creation enabled
[2020.09.17-16.35.36:682][  0]LogD3D11RHI: GPU Timing Frequency: 1000.000000 (Debug: 2 1)
[2020.09.17-16.35.37:157][  0]LogTargetPlatformManager: Display: Loaded TargetPlatform 'AllDesktop'
[2020.09.17-16.35.37:182][  0]LogTargetPlatformManager: Display: Loaded TargetPlatform 'Android'
[2020.09.17-16.35.37:182][  0]LogTargetPlatformManager: Display: Loaded TargetPlatform 'Android_ASTC'
[2020.09.17-16.35.37:182][  0]LogTargetPlatformManager: Display: Loaded TargetPlatform 'Android_DXT'
[2020.09.17-16.35.37:182][  0]LogTargetPlatformManager: Display: Loaded TargetPlatform 'Android_ETC2'
[2020.09.17-16.35.37:182][  0]LogTargetPlatformManager: Display: Loaded TargetPlatform 'AndroidClient'
[2020.09.17-16.35.37:182][  0]LogTargetPlatformManager: Display: Loaded TargetPlatform 'Android_ASTCClient'
[2020.09.17-16.35.37:182][  0]LogTargetPlatformManager: Display: Loaded TargetPlatform 'Android_DXTClient'
[2020.09.17-16.35.37:182][  0]LogTargetPlatformManager: Display: Loaded TargetPlatform 'Android_ETC2Client'
[2020.09.17-16.35.37:182][  0]LogTargetPlatformManager: Display: Loaded TargetPlatform 'Android_Multi'
[2020.09.17-16.35.37:183][  0]LogTargetPlatformManager: Display: Loaded TargetPlatform 'Android_MultiClient'
[2020.09.17-16.35.37:211][  0]LogTargetPlatformManager: Display: Loaded TargetPlatform 'IOSClient'
[2020.09.17-16.35.37:211][  0]LogTargetPlatformManager: Display: Loaded TargetPlatform 'IOS'
[2020.09.17-16.35.37:223][  0]LogTargetPlatformManager: Display: Loaded TargetPlatform 'Linux'
[2020.09.17-16.35.37:234][  0]LogTargetPlatformManager: Display: Loaded TargetPlatform 'LinuxNoEditor'
[2020.09.17-16.35.37:243][  0]LogTargetPlatformManager: Display: Loaded TargetPlatform 'LinuxClient'
[2020.09.17-16.35.37:254][  0]LogTargetPlatformManager: Display: Loaded TargetPlatform 'LinuxServer'
[2020.09.17-16.35.37:265][  0]LogTargetPlatformManager: Display: Loaded TargetPlatform 'LinuxAArch64NoEditor'
[2020.09.17-16.35.37:274][  0]LogTargetPlatformManager: Display: Loaded TargetPlatform 'LinuxAArch64Client'
[2020.09.17-16.35.37:285][  0]LogTargetPlatformManager: Display: Loaded TargetPlatform 'LinuxAArch64Server'
[2020.09.17-16.35.37:314][  0]LogTargetPlatformManager: Display: Loaded TargetPlatform 'Lumin'
[2020.09.17-16.35.37:314][  0]LogTargetPlatformManager: Display: Loaded TargetPlatform 'LuminClient'
[2020.09.17-16.35.37:332][  0]LogTargetPlatformManager: Display: Loaded TargetPlatform 'TVOSClient'
[2020.09.17-16.35.37:332][  0]LogTargetPlatformManager: Display: Loaded TargetPlatform 'TVOS'
[2020.09.17-16.35.37:347][  0]LogTargetPlatformManager: Display: Loaded TargetPlatform 'WindowsNoEditor'
[2020.09.17-16.35.37:363][  0]LogTargetPlatformManager: Display: Loaded TargetPlatform 'Windows'
[2020.09.17-16.35.37:379][  0]LogTargetPlatformManager: Display: Loaded TargetPlatform 'WindowsClient'
[2020.09.17-16.35.37:396][  0]LogTargetPlatformManager: Display: Loaded TargetPlatform 'WindowsServer'
[2020.09.17-16.35.37:396][  0]LogTargetPlatformManager: Display: Building Assets For Windows
[2020.09.17-16.35.37:409][  0]LogAudioDebug: Display: Lib vorbis DLL was dynamically loaded.
[2020.09.17-16.35.37:517][  0]LogShaderCompilers: Guid format shader working directory is -39 characters bigger than the processId version (../../../../../../Users/ms7mu/Desktop/documentos/git/muriloms/game-parapong/ParaPong/Intermediate/Shaders/WorkingDirectory/11716/).
[2020.09.17-16.35.37:518][  0]LogShaderCompilers: Cleaned the shader compiler working directory 'C:/Users/ms7mu/AppData/Local/Temp/UnrealShaderWorkingDir/B77B808049743296FD823EB9C038A0E4/'.
[2020.09.17-16.35.37:518][  0]LogXGEController: Cannot use XGE Controller as Incredibuild is not installed on this machine.
[2020.09.17-16.35.37:519][  0]LogShaderCompilers: Cannot use XGE Shader Compiler as Incredibuild is not installed on this machine.
[2020.09.17-16.35.37:519][  0]LogShaderCompilers: Display: Using Local Shader Compiler.
[2020.09.17-16.35.38:456][  0]LogDerivedDataCache: Display: Max Cache Size: 512 MB
[2020.09.17-16.35.38:515][  0]LogDerivedDataCache: Loaded boot cache 0.06s 75MB C:/Users/ms7mu/AppData/Local/UnrealEngine/4.25/DerivedDataCache/Boot.ddc.
[2020.09.17-16.35.38:515][  0]LogDerivedDataCache: Display: Loaded Boot cache: C:/Users/ms7mu/AppData/Local/UnrealEngine/4.25/DerivedDataCache/Boot.ddc
[2020.09.17-16.35.38:515][  0]LogDerivedDataCache: FDerivedDataBackendGraph:  Pak pak cache file ../../../../../../Users/ms7mu/Desktop/documentos/git/muriloms/game-parapong/ParaPong/DerivedDataCache/DDC.ddp not found, will not use a pak cache.
[2020.09.17-16.35.38:515][  0]LogDerivedDataCache: Unable to find inner node Pak for hierarchical cache Hierarchy.
[2020.09.17-16.35.38:515][  0]LogDerivedDataCache: FDerivedDataBackendGraph:  CompressedPak pak cache file ../../../../../../Users/ms7mu/Desktop/documentos/git/muriloms/game-parapong/ParaPong/DerivedDataCache/Compressed.ddp not found, will not use a pak cache.
[2020.09.17-16.35.38:515][  0]LogDerivedDataCache: Unable to find inner node CompressedPak for hierarchical cache Hierarchy.
[2020.09.17-16.35.38:527][  0]LogDerivedDataCache: Display: Pak cache opened for reading ../../../Engine/DerivedDataCache/Compressed.ddp.
[2020.09.17-16.35.38:527][  0]LogDerivedDataCache: FDerivedDataBackendGraph:  EnterprisePak pak cache file ../../../Enterprise/DerivedDataCache/Compressed.ddp not found, will not use a pak cache.
[2020.09.17-16.35.38:527][  0]LogDerivedDataCache: Unable to find inner node EnterprisePak for hierarchical cache Hierarchy.
[2020.09.17-16.35.38:528][  0]LogDerivedDataCache: Using Local data cache path C:/Users/ms7mu/AppData/Local/UnrealEngine/Common/DerivedDataCache: Writable
[2020.09.17-16.35.38:528][  0]LogDerivedDataCache: Shared data cache path not found in *engine.ini, will not use an Shared cache.
[2020.09.17-16.35.38:528][  0]LogDerivedDataCache: Unable to find inner node Shared for hierarchical cache Hierarchy.
[2020.09.17-16.35.38:588][  0]LogSlate: Using FreeType 2.10.0
[2020.09.17-16.35.38:589][  0]LogSlate: SlateFontServices - WITH_FREETYPE: 1, WITH_HARFBUZZ: 1
[2020.09.17-16.35.38:623][  0]LogAssetRegistry: FAssetRegistry took 0.0034 seconds to start up
[2020.09.17-16.35.38:928][  0]LogInit: Selected Device Profile: [Windows]
[2020.09.17-16.35.39:056][  0]LogMeshReduction: Using QuadricMeshReduction for automatic static mesh reduction
[2020.09.17-16.35.39:056][  0]LogMeshReduction: Using SimplygonMeshReduction for automatic skeletal mesh reduction
[2020.09.17-16.35.39:056][  0]LogMeshReduction: Using ProxyLODMeshReduction for automatic mesh merging
[2020.09.17-16.35.39:056][  0]LogMeshReduction: No distributed automatic mesh merging module available
[2020.09.17-16.35.39:057][  0]LogMeshMerging: No distributed automatic mesh merging module available
[2020.09.17-16.35.39:077][  0]LogNetVersion: ParaPong 1.0.0, NetCL: 13144385, EngineNetVer: 14, GameNetVer: 0 (Checksum: 1311420355)
[2020.09.17-16.35.39:688][  0]LogAISub: UAISubsystem::UAISubsystem AISubsystem (0000026D18AC02C0), frame # 0
[2020.09.17-16.35.39:688][  0]LogAISub: UAISubsystem::UAISubsystem AIPerceptionSystem (0000026D18A0B740), frame # 0
[2020.09.17-16.35.39:690][  0]LogAISub: UAISubsystem::UAISubsystem EnvQueryManager (0000026D18A7CA00), frame # 0
[2020.09.17-16.35.39:792][  0]LogPackageLocalizationCache: Processed 19 localized package path(s) for 1 prioritized culture(s) in 0.093351 seconds
[2020.09.17-16.35.39:797][  0]LogUObjectArray: 15917 objects as part of root set at end of initial load.
[2020.09.17-16.35.39:797][  0]LogUObjectAllocator: 3965568 out of 0 bytes used by permanent object pool.
[2020.09.17-16.35.39:797][  0]LogUObjectArray: CloseDisregardForGC: 0/0 objects in disregard for GC pool
[2020.09.17-16.35.40:181][  0]LogTcpMessaging: Initializing TcpMessaging bridge
[2020.09.17-16.35.40:185][  0]LogUdpMessaging: Initializing bridge on interface 0.0.0.0:0 to multicast group 230.0.0.1:6666.
[2020.09.17-16.35.40:297][  0]SourceControl: Source control is disabled
[2020.09.17-16.35.40:297][  0]SourceControl: Source control is disabled
[2020.09.17-16.35.40:303][  0]SourceControl: Source control is disabled
[2020.09.17-16.35.40:308][  0]SourceControl: Source control is disabled
[2020.09.17-16.35.40:316][  0]SourceControl: Source control is disabled
[2020.09.17-16.35.40:658][  0]LogAndroidPermission: UAndroidPermissionCallbackProxy::GetInstance
[2020.09.17-16.35.40:681][  0]LogAudioCaptureCore: Display: No Audio Capture implementations found. Audio input will be silent.
[2020.09.17-16.35.40:681][  0]LogAudioCaptureCore: Display: No Audio Capture implementations found. Audio input will be silent.
[2020.09.17-16.35.40:741][  0]LogOcInput: OculusInput pre-init called
[2020.09.17-16.35.40:753][  0]LogWindows: Failed to load 'OVRPlugin.dll' (GetLastError=126)
[2020.09.17-16.35.40:753][  0]LogWindows: File 'OVRPlugin.dll' does not exist
[2020.09.17-16.35.40:821][  0]LogEngine: Initializing Engine...
[2020.09.17-16.35.40:822][  0]LogHMD: Failed to initialize OpenVR with code 110
[2020.09.17-16.35.40:822][  0]LogMagicLeap: Warning: VR disabled because ZI is not enabled.  To enable, in the editor, Edit -> Project Settings -> Plugins -> Magic Leap Plugin -> Enable Zero Iteration
[2020.09.17-16.35.40:823][  0]LogStats: UGameplayTagsManager::InitializeManager -  0.000 s
[2020.09.17-16.35.40:962][  0]LogInit: Initializing FReadOnlyCVARCache
[2020.09.17-16.35.40:970][  0]LogAIModule: Creating AISystem for world Untitled
[2020.09.17-16.35.40:970][  0]LogAISub: UAISubsystem::UAISubsystem EnvQueryManager (0000026D1C73DC00), frame # 0
[2020.09.17-16.35.40:970][  0]LogAISub: UAISubsystem::UAISubsystem AIPerceptionSystem (0000026D1C75A840), frame # 0
[2020.09.17-16.35.40:995][  0]LogAudioMixer: Display: Audio Mixer Platform Settings:
[2020.09.17-16.35.40:995][  0]LogAudioMixer: Display: 	Sample Rate:						  48000
[2020.09.17-16.35.40:995][  0]LogAudioMixer: Display: 	Callback Buffer Frame Size Requested: 1024
[2020.09.17-16.35.40:995][  0]LogAudioMixer: Display: 	Callback Buffer Frame Size To Use:	  1024
[2020.09.17-16.35.40:995][  0]LogAudioMixer: Display: 	Number of buffers to queue:			  2
[2020.09.17-16.35.40:995][  0]LogAudioMixer: Display: 	Max Channels (voices):				  32
[2020.09.17-16.35.40:995][  0]LogAudioMixer: Display: 	Number of Async Source Workers:		  0
[2020.09.17-16.35.40:995][  0]LogAudio: Display: AudioDevice MaxSources: 32
[2020.09.17-16.35.40:995][  0]LogAudio: Display: Using built-in audio occlusion.
[2020.09.17-16.35.40:995][  0]LogAudioMixer: Display: Initializing audio mixer.
[2020.09.17-16.35.41:011][  0]LogAudioMixer: Display: 0: FrontLeft
[2020.09.17-16.35.41:011][  0]LogAudioMixer: Display: 1: FrontRight
[2020.09.17-16.35.41:873][  0]LogAudioMixer: Display: Using Audio Device Alto-falantes (Realtek High Definition Audio(SST))
[2020.09.17-16.35.41:876][  0]LogAudioMixer: Display: Initializing Sound Submixes...
[2020.09.17-16.35.41:879][  0]LogAudioMixer: Display: Creating Master Submix 'MasterSubmixDefault'
[2020.09.17-16.35.41:879][  0]LogAudioMixer: Display: Creating Master Submix 'MasterReverbSubmixDefault'
[2020.09.17-16.35.41:880][  0]LogAudioMixer: Display: Creating Master Submix 'MasterEQSubmixDefault'
[2020.09.17-16.35.41:880][  0]LogInit: FAudioDevice initialized.
[2020.09.17-16.35.41:880][  0]LogNetVersion: Set ProjectVersion to 1.0.0.0. Version Checksum will be recalculated on next use.
[2020.09.17-16.35.41:969][  0]LogDerivedDataCache: Saved boot cache 0.09s 75MB C:/Users/ms7mu/AppData/Local/UnrealEngine/4.25/DerivedDataCache/Boot.ddc.
[2020.09.17-16.35.41:976][  0]LogInit: Texture streaming: Enabled
[2020.09.17-16.35.41:997][  0]LogEngineSessionManager: EngineSessionManager initialized
[2020.09.17-16.35.41:997][  0]LogEditorSessionSummary: Verbose: Initializing EditorSessionSummaryWriter for editor session tracking
[2020.09.17-16.35.41:999][  0]LogEditorSessionSummary: EditorSessionSummaryWriter initialized
[2020.09.17-16.35.42:069][  0]LogInit: Transaction tracking system initialized
[2020.09.17-16.35.42:094][  0]BlueprintLog: New page: Editor Load
[2020.09.17-16.35.42:170][  0]LocalizationService: Localization service is disabled
[2020.09.17-16.35.42:360][  0]LogCook: Display: Max memory allowance for cook 16384mb min free memory 0mb
[2020.09.17-16.35.42:360][  0]LogCook: Display: Mobile HDR setting 1
[2020.09.17-16.35.42:535][  0]LogFileCache: Scanning file cache for directory 'C:/Users/ms7mu/Desktop/documentos/git/muriloms/game-parapong/ParaPong/Content/' took 0.00s
[2020.09.17-16.35.42:928][  0]SourceControl: Source control is disabled
[2020.09.17-16.35.42:929][  0]LogUnrealEdMisc: Loading editor; pre map load, took 8.874
[2020.09.17-16.35.42:929][  0]Cmd: MAP LOAD FILE="../../../../../../Users/ms7mu/Desktop/documentos/git/muriloms/game-parapong/ParaPong/Content/Maps/ParaPong.umap" TEMPLATE=0 SHOWPROGRESS=1 FEATURELEVEL=3
[2020.09.17-16.35.42:929][  0]LightingResults: New page: Lighting Build
[2020.09.17-16.35.42:930][  0]LogWorld: UWorld::CleanupWorld for Untitled, bSessionEnded=true, bCleanupResources=true
[2020.09.17-16.35.42:930][  0]LogSlate: InvalidateAllWidgets triggered.  All widgets were invalidated
[2020.09.17-16.35.42:931][  0]MapCheck: New page: Map Check
[2020.09.17-16.35.42:931][  0]LightingResults: New page: Lighting Build
[2020.09.17-16.35.42:943][  0]LogAISub: UAISubsystem::~UAISubsystem EnvQueryManager (0000026D1C73DC00), frame # 0
[2020.09.17-16.35.42:943][  0]LogAISub: UAISubsystem::~UAISubsystem AIPerceptionSystem (0000026D1C75A840), frame # 0
[2020.09.17-16.35.42:944][  0]LogUObjectHash: Compacting FUObjectHashTables data took   1.03ms
[2020.09.17-16.35.43:198][  0]LogAIModule: Creating AISystem for world ParaPong
[2020.09.17-16.35.43:198][  0]LogAISub: UAISubsystem::UAISubsystem EnvQueryManager (0000026D0F397E00), frame # 0
[2020.09.17-16.35.43:198][  0]LogAISub: UAISubsystem::UAISubsystem AIPerceptionSystem (0000026D160C7100), frame # 0
[2020.09.17-16.35.43:205][  0]LogEditorServer: Finished looking for orphan Actors (0.000 secs)
[2020.09.17-16.35.43:231][  0]LogUObjectHash: Compacting FUObjectHashTables data took   1.17ms
[2020.09.17-16.35.43:231][  0]Cmd: MAP CHECKDEP NOCLEARLOG
[2020.09.17-16.35.43:232][  0]MapCheck: Map check complete: 0 Error(s), 0 Warning(s), took 0.246ms to complete.
[2020.09.17-16.35.43:232][  0]LogFileHelpers: Loading map 'ParaPong' took 0.303
[2020.09.17-16.35.43:245][  0]LogUnrealEdMisc: Total Editor Startup Time, took 9.190
[2020.09.17-16.35.43:455][  0]LogSlate: Updating window title bar state: overlay mode, drag disabled, window buttons hidden, title bar hidden
[2020.09.17-16.35.43:467][  0]LogSlate: Updating window title bar state: overlay mode, drag disabled, window buttons hidden, title bar hidden
[2020.09.17-16.35.43:479][  0]LogSlate: Updating window title bar state: overlay mode, drag disabled, window buttons hidden, title bar hidden
[2020.09.17-16.35.43:490][  0]LogSlate: Updating window title bar state: overlay mode, drag disabled, window buttons hidden, title bar hidden
[2020.09.17-16.35.43:509][  0]LogCollectionManager: Loaded 0 collections in 0.002689 seconds
[2020.09.17-16.35.43:545][  0]LogFileCache: Scanning file cache for directory 'C:/Users/ms7mu/Desktop/documentos/git/muriloms/game-parapong/ParaPong/Saved/Collections/' took 0.00s
[2020.09.17-16.35.43:546][  0]LogFileCache: Scanning file cache for directory 'C:/Users/ms7mu/Desktop/documentos/git/muriloms/game-parapong/ParaPong/Content/Developers/ms7mu/Collections/' took 0.00s
[2020.09.17-16.35.43:546][  0]LogFileCache: Scanning file cache for directory 'C:/Users/ms7mu/Desktop/documentos/git/muriloms/game-parapong/ParaPong/Content/Collections/' took 0.00s
[2020.09.17-16.35.43:546][  0]LogContentBrowser: Native class hierarchy populated in 0.0132 seconds. Added 3428 classes and 823 folders.
[2020.09.17-16.35.43:555][  0]LogContentBrowser: Native class hierarchy updated for 'WidgetCarousel' in 0.0005 seconds. Added 0 classes and 0 folders.
[2020.09.17-16.35.44:004][  0]LogContentBrowser: Native class hierarchy updated for 'AddContentDialog' in 0.0004 seconds. Added 0 classes and 0 folders.
[2020.09.17-16.35.44:009][  0]LogContentBrowser: Native class hierarchy updated for 'SceneOutliner' in 0.0004 seconds. Added 2 classes and 0 folders.
[2020.09.17-16.35.44:104][  0]LogSlate: Took 0.000173 seconds to synchronously load lazily loaded font '../../../Engine/Content/Slate/Fonts/Roboto-Regular.ttf' (155K)
[2020.09.17-16.35.44:108][  0]LogSlate: Took 0.000218 seconds to synchronously load lazily loaded font '../../../Engine/Content/Slate/Fonts/Roboto-Bold.ttf' (160K)
[2020.09.17-16.35.44:127][  0]LogSlate: Took 0.011351 seconds to synchronously load lazily loaded font '../../../Engine/Content/Editor/Slate/Fonts/FontAwesome.ttf' (139K)
[2020.09.17-16.35.44:309][  0]LogRenderer: Reallocating scene render targets to support 964x432 Format 10 NumSamples 1 (Frame:1).
[2020.09.17-16.35.44:479][  0]LogContentBrowser: Native class hierarchy updated for 'HierarchicalLODOutliner' in 0.0006 seconds. Added 0 classes and 0 folders.
[2020.09.17-16.35.44:479][  0]LogLoad: (Engine Initialization) Total time: 10.42 seconds
[2020.09.17-16.35.44:479][  0]LogLoad: (Engine Initialization) Total Blueprint compile time: 0.00 seconds
[2020.09.17-16.35.44:541][  0]LogAssetRegistry: Asset discovery search completed in 5.9184 seconds
[2020.09.17-16.35.44:546][  0]LogCollectionManager: Fixed up redirectors for 0 collections in 0.000004 seconds (updated 0 objects)
[2020.09.17-16.35.44:547][  0]LogContentStreaming: Texture pool size now 1000 MB
[2020.09.17-16.35.44:610][  0]LogSlate: Took 0.012281 seconds to synchronously load lazily loaded font '../../../Engine/Content/Slate/Fonts/Roboto-Light.ttf' (167K)
[2020.09.17-16.35.45:532][ 39]LogSlate: Took 0.000228 seconds to synchronously load lazily loaded font '../../../Engine/Content/Slate/Fonts/Roboto-Light.ttf' (167K)
[2020.09.17-16.35.49:068][223]LogAssetEditorSubsystem: Opening Asset editor for Blueprint /Game/Ball/BP_Ball.BP_Ball
[2020.09.17-16.35.49:763][223]LogContentBrowser: Native class hierarchy updated for 'BlueprintGraph' in 0.0018 seconds. Added 125 classes and 0 folders.
[2020.09.17-16.35.50:891][223]LogSlate: Took 0.000197 seconds to synchronously load lazily loaded font '../../../Engine/Content/Slate/Fonts/Roboto-BoldCondensed.ttf' (158K)
[2020.09.17-16.35.51:058][224]LogSlate: Took 0.005696 seconds to synchronously load lazily loaded font '../../../Engine/Content/Slate/Fonts/Roboto-Italic.ttf' (157K)
[2020.09.17-16.35.54:531][394]LogSlate: Window 'BP_Ball' being destroyed
[2020.09.17-16.50.34:472][799]LogTemp: Repeating last play command: Selected Viewport
[2020.09.17-16.50.34:498][799]LogPlayLevel: PlayLevel: No blueprints needed recompiling
[2020.09.17-16.50.34:501][799]PIE: New page: PIE session: ParaPong (Sep 17, 2020, 10:50:34 AM)
[2020.09.17-16.50.34:503][799]LogOnline: OSS: Creating online subsystem instance for: NULL
[2020.09.17-16.50.34:505][799]LogOnline: OSS: TryLoadSubsystemAndSetDefault: Loaded subsystem for module [NULL]
[2020.09.17-16.50.34:505][799]LogPlayLevel: Creating play world package: /Game/Maps/UEDPIE_0_ParaPong
[2020.09.17-16.50.34:509][799]LogPlayLevel: PIE: StaticDuplicateObject took: (0.004465s)
[2020.09.17-16.50.34:510][799]LogAIModule: Creating AISystem for world ParaPong
[2020.09.17-16.50.34:511][799]LogAISub: UAISubsystem::UAISubsystem EnvQueryManager (0000026D2D45FE00), frame # 3799
[2020.09.17-16.50.34:511][799]LogAISub: UAISubsystem::UAISubsystem AIPerceptionSystem (0000026D2D489A80), frame # 3799
[2020.09.17-16.50.34:511][799]LogPlayLevel: PIE: World Init took: (0.001441s)
[2020.09.17-16.50.34:511][799]LogPlayLevel: PIE: Created PIE world by copying editor world from /Game/Maps/ParaPong.ParaPong to /Game/Maps/UEDPIE_0_ParaPong.ParaPong (0.006100s)
[2020.09.17-16.50.34:537][799]LogUObjectHash: Compacting FUObjectHashTables data took   1.87ms
[2020.09.17-16.50.34:539][799]LogAudioMixer: Display: Audio Mixer Platform Settings:
[2020.09.17-16.50.34:539][799]LogAudioMixer: Display: 	Sample Rate:						  48000
[2020.09.17-16.50.34:539][799]LogAudioMixer: Display: 	Callback Buffer Frame Size Requested: 1024
[2020.09.17-16.50.34:540][799]LogAudioMixer: Display: 	Callback Buffer Frame Size To Use:	  1024
[2020.09.17-16.50.34:540][799]LogAudioMixer: Display: 	Number of buffers to queue:			  2
[2020.09.17-16.50.34:540][799]LogAudioMixer: Display: 	Max Channels (voices):				  32
[2020.09.17-16.50.34:540][799]LogAudioMixer: Display: 	Number of Async Source Workers:		  0
[2020.09.17-16.50.34:540][799]LogAudio: Display: AudioDevice MaxSources: 32
[2020.09.17-16.50.34:540][799]LogAudio: Display: Using built-in audio occlusion.
[2020.09.17-16.50.34:540][799]LogAudioMixer: Display: Initializing audio mixer.
[2020.09.17-16.50.34:542][799]LogAudioMixer: Display: 0: FrontLeft
[2020.09.17-16.50.34:543][799]LogAudioMixer: Display: 1: FrontRight
[2020.09.17-16.50.34:566][799]LogAudioMixer: Display: Using Audio Device Alto-falantes (Realtek High Definition Audio(SST))
[2020.09.17-16.50.34:566][799]LogAudioMixer: Display: Initializing Sound Submixes...
[2020.09.17-16.50.34:566][799]LogAudioMixer: Display: Creating Master Submix 'MasterSubmixDefault'
[2020.09.17-16.50.34:566][799]LogAudioMixer: Display: Creating Master Submix 'MasterReverbSubmixDefault'
[2020.09.17-16.50.34:566][799]LogAudioMixer: Display: Creating Master Submix 'MasterEQSubmixDefault'
[2020.09.17-16.50.34:582][799]LogInit: FAudioDevice initialized.
[2020.09.17-16.50.34:590][799]LogLoad: Game class is 'GameModeBase'
[2020.09.17-16.50.34:592][799]LogWorld: Bringing World /Game/Maps/UEDPIE_0_ParaPong.ParaPong up for play (max tick rate 60) at 2020.09.17-13.50.34
[2020.09.17-16.50.34:593][799]LogWorld: Bringing up level for play took: 0.001097
[2020.09.17-16.50.34:593][799]LogOnline: OSS: Creating online subsystem instance for: :Context_2
[2020.09.17-16.50.34:598][799]LogContentBrowser: Native class hierarchy updated for 'MovieSceneCapture' in 0.0005 seconds. Added 20 classes and 0 folders.
[2020.09.17-16.50.34:601][799]PIE: Server logged in
[2020.09.17-16.50.34:604][799]PIE: Play in editor total start time 0.108 seconds.
[2020.09.17-16.50.39:974][ 78]LogSlate: Updating window title bar state: overlay mode, drag disabled, window buttons hidden, title bar hidden
[2020.09.17-16.50.39:974][ 78]LogWorld: BeginTearingDown for /Game/Maps/UEDPIE_0_ParaPong
[2020.09.17-16.50.39:975][ 78]LogWorld: UWorld::CleanupWorld for ParaPong, bSessionEnded=true, bCleanupResources=true
[2020.09.17-16.50.39:975][ 78]LogSlate: InvalidateAllWidgets triggered.  All widgets were invalidated
[2020.09.17-16.50.39:984][ 78]LogPlayLevel: Display: Shutting down PIE online subsystems
[2020.09.17-16.50.39:989][ 78]LogSlate: InvalidateAllWidgets triggered.  All widgets were invalidated
[2020.09.17-16.50.40:052][ 78]LogSlate: Updating window title bar state: overlay mode, drag disabled, window buttons hidden, title bar hidden
[2020.09.17-16.50.40:072][ 78]LogAISub: UAISubsystem::~UAISubsystem EnvQueryManager (0000026D2D45FE00), frame # 4078
[2020.09.17-16.50.40:072][ 78]LogAISub: UAISubsystem::~UAISubsystem AIPerceptionSystem (0000026D2D489A80), frame # 4078
[2020.09.17-16.50.40:076][ 78]LogUObjectHash: Compacting FUObjectHashTables data took   3.62ms
[2020.09.17-16.50.40:104][ 79]LogPlayLevel: Display: Destroying online subsystem :Context_2
[2020.09.17-16.50.45:227][372]LogEditorViewport: Clicking on Actor (LMB): BP_Ball_C (BP_Ball)
[2020.09.17-16.50.46:607][446]Cmd: DELETE
[2020.09.17-16.50.46:607][446]Cmd: ACTOR DELETE
[2020.09.17-16.50.46:621][446]LogEditorActor: Deleted Actor: BP_Ball_C
[2020.09.17-16.50.46:658][446]LogUObjectHash: Compacting FUObjectHashTables data took   2.43ms
[2020.09.17-16.50.46:660][446]LogEditorActor: Deleted 1 Actors (0.051 secs)
[2020.09.17-16.51.07:622][ 83]LogSlate: WidgetSwitcher ('None') active index changed to -1
[2020.09.17-16.51.07:622][ 83]LogSlate: WidgetSwitcher ('None') active index changed to 0
[2020.09.17-16.51.13:482][247]LogSlate: WidgetSwitcher ('None') active index changed to 1
[2020.09.17-16.51.25:946][955]Running C:/Program Files/Epic Games/UE_4.25/Engine/Binaries/DotNET/UnrealBuildTool.exe  -projectfiles -project="C:/Users/ms7mu/Desktop/documentos/git/muriloms/game-parapong/ParaPong/ParaPong.uproject" -game -rocket -progress
[2020.09.17-16.51.26:453][955]Discovering modules, targets and source code for project...
[2020.09.17-16.51.30:681][955]Binding IntelliSense data...
[2020.09.17-16.51.40:361][955]Binding IntelliSense data... 100%
[2020.09.17-16.51.40:361][955]Writing project files...
[2020.09.17-16.51.47:716][955]Writing project files... 100%
[2020.09.17-16.51.47:824][955]LogVSAccessor: Warning: Couldn't access Visual Studio
[2020.09.17-16.51.47:834][955]Candidate modules for hot reload:
[2020.09.17-16.51.47:834][955]  ParaPong
[2020.09.17-16.51.47:834][955]Launching UnrealBuildTool... [C:/Program Files/Epic Games/UE_4.25/Engine/Binaries/DotNET/UnrealBuildTool.exe  -ModuleWithSuffix=ParaPong,69 ParaPongEditor Win64 Development -Project="C:/Users/ms7mu/Desktop/documentos/git/muriloms/game-parapong/ParaPong/ParaPong.uproject" "C:/Users/ms7mu/Desktop/documentos/git/muriloms/game-parapong/ParaPong/ParaPong.uproject"  -IgnoreJunk]
[2020.09.17-16.52.29:685][955]CompilerResultsLog: New page: Compilation - Sep 17, 2020, 10:52:29 AM
[2020.09.17-16.52.29:685][955]CompilerResultsLog: Using 'git status' to determine working set for adaptive non-unity build (C:\Users\ms7mu\Desktop\documentos\git\muriloms\game-parapong).
[2020.09.17-16.52.29:685][955]CompilerResultsLog: Creating makefile for ParaPongEditor (no existing makefile)
[2020.09.17-16.52.29:685][955]CompilerResultsLog: Parsing headers for ParaPongEditor
[2020.09.17-16.52.29:685][955]CompilerResultsLog:   Running UnrealHeaderTool "C:\Users\ms7mu\Desktop\documentos\git\muriloms\game-parapong\ParaPong\ParaPong.uproject" "C:\Users\ms7mu\Desktop\documentos\git\muriloms\game-parapong\ParaPong\Intermediate\Build\Win64\ParaPongEditor\Development\ParaPongEditor.uhtmanifest" -LogCmds="loginit warning, logexit warning, logdatabase error" -Unattended -WarningsAsErrors -abslog="C:\Users\ms7mu\AppData\Local\UnrealBuildTool\Log_UHT.txt" -installed
[2020.09.17-16.52.29:685][955]CompilerResultsLog: Reflection code generated for ParaPongEditor in 25,7863561 seconds
[2020.09.17-16.52.29:686][955]CompilerResultsLog: Building ParaPongEditor...
[2020.09.17-16.52.29:686][955]CompilerResultsLog: Using Visual Studio 2019 14.27.29111 toolchain (C:\Program Files (x86)\Microsoft Visual Studio\2019\Community\VC\Tools\MSVC\14.27.29110) and Windows 10.0.18362.0 SDK (C:\Program Files (x86)\Windows Kits\10).
[2020.09.17-16.52.29:686][955]CompilerResultsLog: Building 9 actions with 4 processes...
[2020.09.17-16.52.29:686][955]CompilerResultsLog:   [1/9] ParaPongGameModeBase.cpp
[2020.09.17-16.52.29:686][955]CompilerResultsLog:   [2/9] Ball.cpp
[2020.09.17-16.52.29:686][955]CompilerResultsLog:   [3/9] ParaPong.cpp
[2020.09.17-16.52.29:686][955]CompilerResultsLog:   [4/9] Ball.gen.cpp
[2020.09.17-16.52.29:686][955]CompilerResultsLog:   [5/9] ParaPong.init.gen.cpp
[2020.09.17-16.52.29:686][955]CompilerResultsLog:   [6/9] ParaPongGameModeBase.gen.cpp
[2020.09.17-16.52.29:686][955]CompilerResultsLog:   [7/9] UE4Editor-ParaPong-0069.lib
[2020.09.17-16.52.29:686][955]CompilerResultsLog:      Criando biblioteca C:\Users\ms7mu\Desktop\documentos\git\muriloms\game-parapong\ParaPong\Intermediate\Build\Win64\UE4Editor\Development\ParaPong\UE4Editor-ParaPong-0069.lib e objeto C:\Users\ms7mu\Desktop\documentos\git\muriloms\game-parapong\ParaPong\Intermediate\Build\Win64\UE4Editor\Development\ParaPong\UE4Editor-ParaPong-0069.exp
[2020.09.17-16.52.29:686][955]CompilerResultsLog:   [8/9] UE4Editor-ParaPong-0069.dll
[2020.09.17-16.52.29:686][955]CompilerResultsLog:      Criando biblioteca C:\Users\ms7mu\Desktop\documentos\git\muriloms\game-parapong\ParaPong\Intermediate\Build\Win64\UE4Editor\Development\ParaPong\UE4Editor-ParaPong-0069.suppressed.lib e objeto C:\Users\ms7mu\Desktop\documentos\git\muriloms\game-parapong\ParaPong\Intermediate\Build\Win64\UE4Editor\Development\ParaPong\UE4Editor-ParaPong-0069.suppressed.exp
[2020.09.17-16.52.29:686][955]CompilerResultsLog:   [9/9] ParaPongEditor.target
[2020.09.17-16.52.29:686][955]CompilerResultsLog: Total time in Parallel executor: 13,18 seconds
[2020.09.17-16.52.29:686][955]CompilerResultsLog: Total execution time: 41,75 seconds
[2020.09.17-16.52.29:686][955]LogMainFrame: MainFrame: Module compiling took 41.862 seconds
[2020.09.17-16.52.29:720][955]LogContentBrowser: Native class hierarchy populated in 0.0195 seconds. Added 3428 classes and 823 folders.
[2020.09.17-16.52.29:720][955]Display: HotReload took 41.9s.
[2020.09.17-16.52.29:723][955]Warning: HotReload operation took 41.9s.
[2020.09.17-16.52.29:856][955]LogSlate: Window 'Add C++ Class' being destroyed
[2020.09.17-16.52.30:587][956]LogHotReload: New module detected: UE4Editor-ParaPong-0069.dll
[2020.09.17-16.52.30:762][956]LogUObjectHash: Compacting FUObjectHashTables data took   4.17ms
[2020.09.17-16.52.30:813][956]LogSavePackage: Moving '../../../../../../Users/ms7mu/Desktop/documentos/git/muriloms/game-parapong/ParaPong/Saved/ParaPong_Auto1E090B2C54CC95389895388B240650738.tmp' to '../../../../../../Users/ms7mu/Desktop/documentos/git/muriloms/game-parapong/ParaPong/Saved/Autosaves/Game/Maps/ParaPong_Auto1.umap'
[2020.09.17-16.52.30:822][956]LogFileHelpers: Editor autosave (incl. sublevels) for '/Game/Maps/ParaPong' took 0.163
[2020.09.17-16.52.30:822][956]LogFileHelpers: Editor autosave (incl. sublevels) for all levels took 0.163
[2020.09.17-16.52.30:860][957]LogHotReload: Starting Hot-Reload from IDE
[2020.09.17-16.52.30:944][957]LogClass: Could not find existing class Ball in package /Script/ParaPong for HotReload, assuming new class
[2020.09.17-16.52.30:949][957]LogContentBrowser: Native class hierarchy updated for 'ParaPong' in 0.0006 seconds. Added 2 classes and 2 folders.
[2020.09.17-16.52.30:954][957]Display: HotReload successful (0 functions remapped  0 scriptstructs remapped)
[2020.09.17-16.52.31:187][957]LogContentBrowser: Native class hierarchy populated in 0.0121 seconds. Added 3429 classes and 823 folders.
[2020.09.17-16.52.31:194][957]Display: HotReload took  0.3s.
[2020.09.17-17.02.12:167][463]LogHotReload: New module detected: UE4Editor-ParaPong-0002.dll
[2020.09.17-17.02.13:406][467]LogHotReload: Starting Hot-Reload from IDE
[2020.09.17-17.02.13:482][467]LogClass: Could not find existing class Ball in package /Script/ParaPong for HotReload, assuming new class
[2020.09.17-17.02.13:501][467]LogHotReload: Re-instancing Ball after hot-reload.
[2020.09.17-17.02.13:542][467]LogContentBrowser: Native class hierarchy updated for 'ParaPong' in 0.0006 seconds. Added 2 classes and 2 folders.
[2020.09.17-17.02.13:548][467]Display: HotReload successful (0 functions remapped  0 scriptstructs remapped)
[2020.09.17-17.02.13:798][467]LogContentBrowser: Native class hierarchy populated in 0.0112 seconds. Added 3429 classes and 823 folders.
[2020.09.17-17.02.13:802][467]Display: HotReload took  0.4s.
[2020.09.17-17.02.51:774][313]LogEditor: Attempting to add actor of class 'Ball' to level at 1105.00,700.00,5.00
[2020.09.17-17.02.52:206][327]LogEditor: Attempting to add actor of class 'Ball' to level at 535.00,200.00,5.00
[2020.09.17-17.03.28:735][127]LogUObjectHash: Compacting FUObjectHashTables data took   8.94ms
[2020.09.17-17.03.28:777][127]LogSavePackage: Moving '../../../../../../Users/ms7mu/Desktop/documentos/git/muriloms/game-parapong/ParaPong/Saved/ParaPong_Auto214B9282342DE8EC0DF27699377B138D8.tmp' to '../../../../../../Users/ms7mu/Desktop/documentos/git/muriloms/game-parapong/ParaPong/Saved/Autosaves/Game/Maps/ParaPong_Auto2.umap'
[2020.09.17-17.03.28:783][127]LogFileHelpers: Editor autosave (incl. sublevels) for '/Game/Maps/ParaPong' took 0.219
[2020.09.17-17.03.28:783][127]LogFileHelpers: Editor autosave (incl. sublevels) for all levels took 0.219
[2020.09.17-17.06.01:029][581]LogHotReload: New module detected: UE4Editor-ParaPong-0003.dll
[2020.09.17-17.06.03:440][589]LogHotReload: Starting Hot-Reload from IDE
[2020.09.17-17.06.03:753][589]LogClass: Could not find existing class Ball in package /Script/ParaPong for HotReload, assuming new class
[2020.09.17-17.06.03:796][589]LogHotReload: Re-instancing Ball after hot-reload.
[2020.09.17-17.06.03:906][589]LogContentBrowser: Native class hierarchy updated for 'ParaPong' in 0.0007 seconds. Added 2 classes and 2 folders.
[2020.09.17-17.06.03:921][589]Display: HotReload successful (0 functions remapped  0 scriptstructs remapped)
[2020.09.17-17.06.04:237][589]LogContentBrowser: Native class hierarchy populated in 0.0247 seconds. Added 3429 classes and 823 folders.
[2020.09.17-17.06.04:242][589]Display: HotReload took  0.8s.
[2020.09.17-17.06.10:847][771]LogSlate: Prevented a slow task dialog from being summoned while a context menu was open
[2020.09.17-17.09.19:316][857]LogHotReload: New module detected: UE4Editor-ParaPong-0004.dll
[2020.09.17-17.09.20:347][861]LogHotReload: Starting Hot-Reload from IDE
[2020.09.17-17.09.20:424][861]LogHotReload: Re-instancing Ball after hot-reload.
[2020.09.17-17.09.20:470][861]LogContentBrowser: Native class hierarchy updated for 'ParaPong' in 0.0004 seconds. Added 2 classes and 2 folders.
[2020.09.17-17.09.20:479][861]Display: HotReload successful (0 functions remapped  0 scriptstructs remapped)
[2020.09.17-17.09.20:716][861]LogContentBrowser: Native class hierarchy populated in 0.0123 seconds. Added 3429 classes and 823 folders.
[2020.09.17-17.09.20:720][861]Display: HotReload took  0.4s.
[2020.09.17-17.13.30:747][598]LogUObjectHash: Compacting FUObjectHashTables data took   9.59ms
[2020.09.17-17.13.30:806][598]LogSavePackage: Moving '../../../../../../Users/ms7mu/Desktop/documentos/git/muriloms/game-parapong/ParaPong/Saved/ParaPong_Auto3E6308CD649581266078F87B3912C9F9C.tmp' to '../../../../../../Users/ms7mu/Desktop/documentos/git/muriloms/game-parapong/ParaPong/Saved/Autosaves/Game/Maps/ParaPong_Auto3.umap'
[2020.09.17-17.13.30:812][598]LogFileHelpers: Editor autosave (incl. sublevels) for '/Game/Maps/ParaPong' took 0.282
[2020.09.17-17.13.30:813][598]LogFileHelpers: Editor autosave (incl. sublevels) for all levels took 0.282
[2020.09.17-17.16.53:428][202]LogHotReload: New module detected: UE4Editor-ParaPong-0005.dll
[2020.09.17-17.16.54:795][207]LogHotReload: Starting Hot-Reload from IDE
[2020.09.17-17.16.54:860][207]LogHotReload: Re-instancing Ball after hot-reload.
[2020.09.17-17.16.54:923][207]LogContentBrowser: Native class hierarchy updated for 'ParaPong' in 0.0004 seconds. Added 2 classes and 2 folders.
[2020.09.17-17.16.54:929][207]Display: HotReload successful (0 functions remapped  0 scriptstructs remapped)
[2020.09.17-17.16.55:213][207]LogContentBrowser: Native class hierarchy populated in 0.0129 seconds. Added 3429 classes and 823 folders.
[2020.09.17-17.16.55:216][207]Display: HotReload took  0.4s.
[2020.09.17-17.17.31:667][901]LogSlate: Warning: Slate: Had to block on waiting for a draw buffer
[2020.09.17-17.17.36:342][901]LogSlate: Window 'Pick Parent Class' being destroyed
[2020.09.17-17.18.00:890][643]LogUObjectHash: Compacting FUObjectHashTables data took   8.36ms
[2020.09.17-17.18.00:902][643]LogMetaData: Removing '/Game/Ball/BP_Ball_Blueprint.BP_Ball_Blueprint:UserConstructionScript.K2Node_FunctionEntry_0' ref from Metadata '/Game/Ball/BP_Ball.PackageMetaData'
[2020.09.17-17.18.00:902][643]LogMetaData: Removing '/Game/Ball/BP_Ball_Blueprint.BP_Ball_Blueprint_C' ref from Metadata '/Game/Ball/BP_Ball.PackageMetaData'
[2020.09.17-17.18.00:902][643]LogMetaData: Removing '/Game/Ball/BP_Ball_Blueprint.BP_Ball_Blueprint:EventGraph.K2Node_Event_0' ref from Metadata '/Game/Ball/BP_Ball.PackageMetaData'
[2020.09.17-17.18.00:902][643]LogMetaData: Removing '/Game/Ball/BP_Ball_Blueprint.SKEL_BP_Ball_Blueprint_C' ref from Metadata '/Game/Ball/BP_Ball.PackageMetaData'
[2020.09.17-17.18.01:069][643]Cmd: OBJ SAVEPACKAGE PACKAGE="/Game/Ball/BP_Ball_Blueprint" FILE="../../../../../../Users/ms7mu/Desktop/documentos/git/muriloms/game-parapong/ParaPong/Content/Ball/BP_Ball_Blueprint.uasset" SILENT=true
[2020.09.17-17.18.01:096][643]LogSavePackage: Moving '../../../../../../Users/ms7mu/Desktop/documentos/git/muriloms/game-parapong/ParaPong/Saved/BP_Ball_Blueprint59CCACAA486A89C5CBEB11BD01128875.tmp' to '../../../../../../Users/ms7mu/Desktop/documentos/git/muriloms/game-parapong/ParaPong/Content/Ball/BP_Ball_Blueprint.uasset'
[2020.09.17-17.18.01:099][643]Cmd: OBJ SAVEPACKAGE PACKAGE="/Game/Ball/BP_Ball" FILE="../../../../../../Users/ms7mu/Desktop/documentos/git/muriloms/game-parapong/ParaPong/Content/Ball/BP_Ball.uasset" SILENT=true
[2020.09.17-17.18.01:117][643]LogSavePackage: Moving '../../../../../../Users/ms7mu/Desktop/documentos/git/muriloms/game-parapong/ParaPong/Saved/BP_Ball040D4D0149883DB2445EC3BD026C70DD.tmp' to '../../../../../../Users/ms7mu/Desktop/documentos/git/muriloms/game-parapong/ParaPong/Content/Ball/BP_Ball.uasset'
[2020.09.17-17.18.01:172][643]AssetCheck: New page: Asset Save: multiple assets
[2020.09.17-17.18.01:173][643]LogContentValidation: Display: Validating Blueprint /Game/Ball/BP_Ball_Blueprint.BP_Ball_Blueprint
[2020.09.17-17.18.01:173][643]LogContentValidation: Display: Validating ObjectRedirector /Game/Ball/BP_Ball.BP_Ball
[2020.09.17-17.18.01:173][643]LogContentValidation: Display: Validating ObjectRedirector /Game/Ball/BP_Ball.BP_Ball_C
[2020.09.17-17.18.19:188][620]LogWorld: UWorld::CleanupWorld for World_0, bSessionEnded=true, bCleanupResources=true
[2020.09.17-17.18.19:188][620]LogSlate: InvalidateAllWidgets triggered.  All widgets were invalidated
[2020.09.17-17.18.34:307][375]LogUObjectHash: Compacting FUObjectHashTables data took   5.99ms
[2020.09.17-17.18.34:313][375]LogMetaData: Removing '/Game/Ball/BP_BallGame.BP_BallGame:UserConstructionScript.K2Node_FunctionEntry_0' ref from Metadata '/Game/Ball/NewBlueprint.PackageMetaData'
[2020.09.17-17.18.34:313][375]LogMetaData: Removing '/Game/Ball/BP_BallGame.SKEL_BP_BallGame_C' ref from Metadata '/Game/Ball/NewBlueprint.PackageMetaData'
[2020.09.17-17.18.34:313][375]LogMetaData: Removing '/Game/Ball/BP_BallGame.BP_BallGame_C' ref from Metadata '/Game/Ball/NewBlueprint.PackageMetaData'
[2020.09.17-17.18.34:313][375]LogMetaData: Removing '/Game/Ball/BP_BallGame.BP_BallGame:EventGraph.K2Node_Event_0' ref from Metadata '/Game/Ball/NewBlueprint.PackageMetaData'
[2020.09.17-17.18.34:313][375]LogMetaData: Removing '/Game/Ball/BP_BallGame.BP_BallGame:EventGraph.K2Node_Event_1' ref from Metadata '/Game/Ball/NewBlueprint.PackageMetaData'
[2020.09.17-17.18.34:313][375]LogMetaData: Removing '/Game/Ball/BP_BallGame.BP_BallGame:EventGraph.K2Node_Event_2' ref from Metadata '/Game/Ball/NewBlueprint.PackageMetaData'
[2020.09.17-17.18.34:347][375]Cmd: OBJ SAVEPACKAGE PACKAGE="/Game/Ball/BP_BallGame" FILE="../../../../../../Users/ms7mu/Desktop/documentos/git/muriloms/game-parapong/ParaPong/Content/Ball/BP_BallGame.uasset" SILENT=true
[2020.09.17-17.18.34:364][375]LogSavePackage: Moving '../../../../../../Users/ms7mu/Desktop/documentos/git/muriloms/game-parapong/ParaPong/Saved/BP_BallGame009771514ACE5F3820404381C62807C2.tmp' to '../../../../../../Users/ms7mu/Desktop/documentos/git/muriloms/game-parapong/ParaPong/Content/Ball/BP_BallGame.uasset'
[2020.09.17-17.18.34:597][375]LogUObjectHash: Compacting FUObjectHashTables data took   3.02ms
[2020.09.17-17.18.34:637][375]LogUObjectHash: Compacting FUObjectHashTables data took   1.94ms
[2020.09.17-17.18.34:658][375]LogUObjectHash: Compacting FUObjectHashTables data took   0.46ms
[2020.09.17-17.18.34:692][375]AssetCheck: New page: Asset Save: BP_BallGame
[2020.09.17-17.18.34:692][375]LogContentValidation: Display: Validating Blueprint /Game/Ball/BP_BallGame.BP_BallGame
[2020.09.17-17.18.37:083][448]LogAssetEditorSubsystem: Opening Asset editor for Blueprint /Game/Ball/BP_BallGame.BP_BallGame
[2020.09.17-17.18.39:865][517]LogRenderer: Reallocating scene render targets to support 964x680 Format 10 NumSamples 1 (Frame:65).
[2020.09.17-17.18.40:205][537]LogSlate: Window 'BP_BallGame' being destroyed
[2020.09.17-17.19.40:433][ 67]BlueprintLog: New page: Compile BP_BallGame
[2020.09.17-17.19.40:533][ 67]LogUObjectHash: Compacting FUObjectHashTables data took   3.80ms
[2020.09.17-17.20.00:565][875]Cmd: DELETE
[2020.09.17-17.20.00:565][875]Cmd: ACTOR DELETE
[2020.09.17-17.20.00:569][875]LogEditorActor: Deleted Actor: Ball
[2020.09.17-17.20.00:613][875]LogUObjectHash: Compacting FUObjectHashTables data took   4.40ms
[2020.09.17-17.20.00:615][875]LogEditorActor: Deleted 1 Actors (0.050 secs)
[2020.09.17-17.20.16:840][ 19]LogEditorViewport: Clicking on Actor (LMB): BP_Sky_Sphere_C (BP_Sky_Sphere)
[2020.09.17-17.20.18:572][107]LogTemp: Repeating last play command: Selected Viewport
[2020.09.17-17.20.18:603][107]BlueprintLog: New page: Pre-Play auto-recompile
[2020.09.17-17.20.18:603][107]LogPlayLevel: [PlayLevel] Compiling ParaPong before play...
[2020.09.17-17.20.18:657][107]LogUObjectHash: Compacting FUObjectHashTables data took   2.04ms
[2020.09.17-17.20.18:659][107]LogPlayLevel: PlayLevel: Blueprint regeneration took 55 ms (1 blueprints)
[2020.09.17-17.20.18:659][107]PIE: New page: PIE session: ParaPong (Sep 17, 2020, 11:20:18 AM)
[2020.09.17-17.20.18:659][107]LogPlayLevel: Creating play world package: /Game/Maps/UEDPIE_0_ParaPong
[2020.09.17-17.20.18:663][107]LogPlayLevel: PIE: StaticDuplicateObject took: (0.004197s)
[2020.09.17-17.20.18:664][107]LogAIModule: Creating AISystem for world ParaPong
[2020.09.17-17.20.18:664][107]LogAISub: UAISubsystem::UAISubsystem EnvQueryManager (0000026D4FB60E00), frame # 22107
[2020.09.17-17.20.18:664][107]LogAISub: UAISubsystem::UAISubsystem AIPerceptionSystem (0000026D57212FC0), frame # 22107
[2020.09.17-17.20.18:664][107]LogPlayLevel: PIE: World Init took: (0.001078s)
[2020.09.17-17.20.18:664][107]LogPlayLevel: PIE: Created PIE world by copying editor world from /Game/Maps/ParaPong.ParaPong to /Game/Maps/UEDPIE_0_ParaPong.ParaPong (0.005391s)
[2020.09.17-17.20.18:687][107]LogUObjectHash: Compacting FUObjectHashTables data took   1.74ms
[2020.09.17-17.20.18:688][107]LogAudioMixer: Display: Audio Mixer Platform Settings:
[2020.09.17-17.20.18:688][107]LogAudioMixer: Display: 	Sample Rate:						  48000
[2020.09.17-17.20.18:688][107]LogAudioMixer: Display: 	Callback Buffer Frame Size Requested: 1024
[2020.09.17-17.20.18:688][107]LogAudioMixer: Display: 	Callback Buffer Frame Size To Use:	  1024
[2020.09.17-17.20.18:688][107]LogAudioMixer: Display: 	Number of buffers to queue:			  2
[2020.09.17-17.20.18:688][107]LogAudioMixer: Display: 	Max Channels (voices):				  32
[2020.09.17-17.20.18:688][107]LogAudioMixer: Display: 	Number of Async Source Workers:		  0
[2020.09.17-17.20.18:688][107]LogAudio: Display: AudioDevice MaxSources: 32
[2020.09.17-17.20.18:688][107]LogAudio: Display: Using built-in audio occlusion.
[2020.09.17-17.20.18:688][107]LogAudioMixer: Display: Initializing audio mixer.
[2020.09.17-17.20.18:691][107]LogAudioMixer: Display: 0: FrontLeft
[2020.09.17-17.20.18:691][107]LogAudioMixer: Display: 1: FrontRight
[2020.09.17-17.20.18:718][107]LogAudioMixer: Display: Using Audio Device Alto-falantes (Realtek High Definition Audio(SST))
[2020.09.17-17.20.18:718][107]LogAudioMixer: Display: Initializing Sound Submixes...
[2020.09.17-17.20.18:718][107]LogAudioMixer: Display: Creating Master Submix 'MasterSubmixDefault'
[2020.09.17-17.20.18:718][107]LogAudioMixer: Display: Creating Master Submix 'MasterReverbSubmixDefault'
[2020.09.17-17.20.18:719][107]LogAudioMixer: Display: Creating Master Submix 'MasterEQSubmixDefault'
[2020.09.17-17.20.18:736][107]LogInit: FAudioDevice initialized.
[2020.09.17-17.20.18:757][107]LogLoad: Game class is 'GameModeBase'
[2020.09.17-17.20.18:760][107]LogWorld: Bringing World /Game/Maps/UEDPIE_0_ParaPong.ParaPong up for play (max tick rate 60) at 2020.09.17-14.20.18
[2020.09.17-17.20.18:760][107]LogWorld: Bringing up level for play took: 0.002115
[2020.09.17-17.20.18:761][107]LogOnline: OSS: Creating online subsystem instance for: :Context_9
[2020.09.17-17.20.18:764][107]PIE: Server logged in
[2020.09.17-17.20.18:765][107]PIE: Play in editor total start time 0.171 seconds.
[2020.09.17-17.20.37:446][120]LogSlate: Updating window title bar state: overlay mode, drag disabled, window buttons hidden, title bar hidden
[2020.09.17-17.20.37:446][120]LogWorld: BeginTearingDown for /Game/Maps/UEDPIE_0_ParaPong
[2020.09.17-17.20.37:447][120]LogWorld: UWorld::CleanupWorld for ParaPong, bSessionEnded=true, bCleanupResources=true
[2020.09.17-17.20.37:447][120]LogSlate: InvalidateAllWidgets triggered.  All widgets were invalidated
[2020.09.17-17.20.37:478][120]LogPlayLevel: Display: Shutting down PIE online subsystems
[2020.09.17-17.20.37:486][120]LogSlate: InvalidateAllWidgets triggered.  All widgets were invalidated
[2020.09.17-17.20.37:524][120]LogSlate: Updating window title bar state: overlay mode, drag disabled, window buttons hidden, title bar hidden
[2020.09.17-17.20.37:548][120]LogAISub: UAISubsystem::~UAISubsystem AIPerceptionSystem (0000026D57212FC0), frame # 23120
[2020.09.17-17.20.37:548][120]LogAISub: UAISubsystem::~UAISubsystem EnvQueryManager (0000026D4FB60E00), frame # 23120
[2020.09.17-17.20.37:550][120]LogUObjectHash: Compacting FUObjectHashTables data took   2.30ms
[2020.09.17-17.20.37:590][121]LogPlayLevel: Display: Destroying online subsystem :Context_9
[2020.09.17-17.20.40:760][291]LogEditorViewport: Clicking on Actor (LMB): BP_BallGame_C (BP_BallGame)
[2020.09.17-17.20.47:737][685]LogTemp: Repeating last play command: Selected Viewport
[2020.09.17-17.20.47:781][685]LogPlayLevel: PlayLevel: No blueprints needed recompiling
[2020.09.17-17.20.47:781][685]PIE: New page: PIE session: ParaPong (Sep 17, 2020, 11:20:47 AM)
[2020.09.17-17.20.47:781][685]LogPlayLevel: Creating play world package: /Game/Maps/UEDPIE_0_ParaPong
[2020.09.17-17.20.47:788][685]LogPlayLevel: PIE: StaticDuplicateObject took: (0.007267s)
[2020.09.17-17.20.47:788][685]LogAIModule: Creating AISystem for world ParaPong
[2020.09.17-17.20.47:788][685]LogAISub: UAISubsystem::UAISubsystem EnvQueryManager (0000026D8C4CB600), frame # 23685
[2020.09.17-17.20.47:788][685]LogAISub: UAISubsystem::UAISubsystem AIPerceptionSystem (0000026D8AA11800), frame # 23685
[2020.09.17-17.20.47:789][685]LogPlayLevel: PIE: World Init took: (0.001606s)
[2020.09.17-17.20.47:789][685]LogPlayLevel: PIE: Created PIE world by copying editor world from /Game/Maps/ParaPong.ParaPong to /Game/Maps/UEDPIE_0_ParaPong.ParaPong (0.009062s)
[2020.09.17-17.20.47:823][685]LogUObjectHash: Compacting FUObjectHashTables data took   2.65ms
[2020.09.17-17.20.47:826][685]LogAudioMixer: Display: Audio Mixer Platform Settings:
[2020.09.17-17.20.47:826][685]LogAudioMixer: Display: 	Sample Rate:						  48000
[2020.09.17-17.20.47:826][685]LogAudioMixer: Display: 	Callback Buffer Frame Size Requested: 1024
[2020.09.17-17.20.47:826][685]LogAudioMixer: Display: 	Callback Buffer Frame Size To Use:	  1024
[2020.09.17-17.20.47:826][685]LogAudioMixer: Display: 	Number of buffers to queue:			  2
[2020.09.17-17.20.47:826][685]LogAudioMixer: Display: 	Max Channels (voices):				  32
[2020.09.17-17.20.47:826][685]LogAudioMixer: Display: 	Number of Async Source Workers:		  0
[2020.09.17-17.20.47:826][685]LogAudio: Display: AudioDevice MaxSources: 32
[2020.09.17-17.20.47:827][685]LogAudio: Display: Using built-in audio occlusion.
[2020.09.17-17.20.47:827][685]LogAudioMixer: Display: Initializing audio mixer.
[2020.09.17-17.20.47:830][685]LogAudioMixer: Display: 0: FrontLeft
[2020.09.17-17.20.47:830][685]LogAudioMixer: Display: 1: FrontRight
[2020.09.17-17.20.47:860][685]LogAudioMixer: Display: Using Audio Device Alto-falantes (Realtek High Definition Audio(SST))
[2020.09.17-17.20.47:860][685]LogAudioMixer: Display: Initializing Sound Submixes...
[2020.09.17-17.20.47:860][685]LogAudioMixer: Display: Creating Master Submix 'MasterSubmixDefault'
[2020.09.17-17.20.47:860][685]LogAudioMixer: Display: Creating Master Submix 'MasterReverbSubmixDefault'
[2020.09.17-17.20.47:861][685]LogAudioMixer: Display: Creating Master Submix 'MasterEQSubmixDefault'
[2020.09.17-17.20.47:879][685]LogInit: FAudioDevice initialized.
[2020.09.17-17.20.47:889][685]LogLoad: Game class is 'GameModeBase'
[2020.09.17-17.20.47:891][685]LogWorld: Bringing World /Game/Maps/UEDPIE_0_ParaPong.ParaPong up for play (max tick rate 60) at 2020.09.17-14.20.47
[2020.09.17-17.20.47:891][685]LogWorld: Bringing up level for play took: 0.001075
[2020.09.17-17.20.47:891][685]LogOnline: OSS: Creating online subsystem instance for: :Context_10
[2020.09.17-17.20.47:894][685]PIE: Server logged in
[2020.09.17-17.20.47:895][685]PIE: Play in editor total start time 0.125 seconds.
[2020.09.17-17.20.52:167][927]LogSlate: Updating window title bar state: overlay mode, drag disabled, window buttons hidden, title bar hidden
[2020.09.17-17.20.52:167][927]LogWorld: BeginTearingDown for /Game/Maps/UEDPIE_0_ParaPong
[2020.09.17-17.20.52:167][927]LogWorld: UWorld::CleanupWorld for ParaPong, bSessionEnded=true, bCleanupResources=true
[2020.09.17-17.20.52:168][927]LogSlate: InvalidateAllWidgets triggered.  All widgets were invalidated
[2020.09.17-17.20.52:192][927]LogPlayLevel: Display: Shutting down PIE online subsystems
[2020.09.17-17.20.52:203][927]LogSlate: InvalidateAllWidgets triggered.  All widgets were invalidated
[2020.09.17-17.20.52:251][927]LogSlate: Updating window title bar state: overlay mode, drag disabled, window buttons hidden, title bar hidden
[2020.09.17-17.20.52:275][927]LogAISub: UAISubsystem::~UAISubsystem AIPerceptionSystem (0000026D8AA11800), frame # 23927
[2020.09.17-17.20.52:275][927]LogAISub: UAISubsystem::~UAISubsystem EnvQueryManager (0000026D8C4CB600), frame # 23927
[2020.09.17-17.20.52:277][927]LogUObjectHash: Compacting FUObjectHashTables data took   2.25ms
[2020.09.17-17.20.52:328][928]LogPlayLevel: Display: Destroying online subsystem :Context_10
[2020.09.17-17.23.25:329][411]LogHotReload: New module detected: UE4Editor-ParaPong-0006.dll
[2020.09.17-17.23.26:689][416]LogHotReload: Starting Hot-Reload from IDE
[2020.09.17-17.23.26:766][416]LogHotReload: Re-instancing Ball after hot-reload.
[2020.09.17-17.23.26:854][416]LogContentBrowser: Native class hierarchy updated for 'ParaPong' in 0.0006 seconds. Added 2 classes and 2 folders.
[2020.09.17-17.23.26:861][416]Display: HotReload successful (0 functions remapped  0 scriptstructs remapped)
[2020.09.17-17.23.26:990][416]LogContentBrowser: Native class hierarchy populated in 0.0100 seconds. Added 3429 classes and 823 folders.
[2020.09.17-17.23.26:995][416]Display: HotReload took  0.3s.
[2020.09.17-17.23.34:719][531]LogTemp: Repeating last play command: Selected Viewport
[2020.09.17-17.23.34:758][531]LogPlayLevel: PlayLevel: No blueprints needed recompiling
[2020.09.17-17.23.34:758][531]PIE: New page: PIE session: ParaPong (Sep 17, 2020, 11:23:34 AM)
[2020.09.17-17.23.34:758][531]LogPlayLevel: Creating play world package: /Game/Maps/UEDPIE_0_ParaPong
[2020.09.17-17.23.34:768][531]LogPlayLevel: PIE: StaticDuplicateObject took: (0.010295s)
[2020.09.17-17.23.34:770][531]LogAIModule: Creating AISystem for world ParaPong
[2020.09.17-17.23.34:770][531]LogAISub: UAISubsystem::UAISubsystem EnvQueryManager (0000026D9EEE9000), frame # 24531
[2020.09.17-17.23.34:770][531]LogAISub: UAISubsystem::UAISubsystem AIPerceptionSystem (0000026D9EEF2200), frame # 24531
[2020.09.17-17.23.34:770][531]LogPlayLevel: PIE: World Init took: (0.001707s)
[2020.09.17-17.23.34:770][531]LogPlayLevel: PIE: Created PIE world by copying editor world from /Game/Maps/ParaPong.ParaPong to /Game/Maps/UEDPIE_0_ParaPong.ParaPong (0.012232s)
[2020.09.17-17.23.34:847][531]LogUObjectHash: Compacting FUObjectHashTables data took   3.51ms
[2020.09.17-17.23.34:848][531]LogAudioMixer: Display: Audio Mixer Platform Settings:
[2020.09.17-17.23.34:848][531]LogAudioMixer: Display: 	Sample Rate:						  48000
[2020.09.17-17.23.34:848][531]LogAudioMixer: Display: 	Callback Buffer Frame Size Requested: 1024
[2020.09.17-17.23.34:848][531]LogAudioMixer: Display: 	Callback Buffer Frame Size To Use:	  1024
[2020.09.17-17.23.34:848][531]LogAudioMixer: Display: 	Number of buffers to queue:			  2
[2020.09.17-17.23.34:848][531]LogAudioMixer: Display: 	Max Channels (voices):				  32
[2020.09.17-17.23.34:848][531]LogAudioMixer: Display: 	Number of Async Source Workers:		  0
[2020.09.17-17.23.34:848][531]LogAudio: Display: AudioDevice MaxSources: 32
[2020.09.17-17.23.34:849][531]LogAudio: Display: Using built-in audio occlusion.
[2020.09.17-17.23.34:849][531]LogAudioMixer: Display: Initializing audio mixer.
[2020.09.17-17.23.34:851][531]LogAudioMixer: Display: 0: FrontLeft
[2020.09.17-17.23.34:851][531]LogAudioMixer: Display: 1: FrontRight
[2020.09.17-17.23.34:879][531]LogAudioMixer: Display: Using Audio Device Alto-falantes (Realtek High Definition Audio(SST))
[2020.09.17-17.23.34:879][531]LogAudioMixer: Display: Initializing Sound Submixes...
[2020.09.17-17.23.34:879][531]LogAudioMixer: Display: Creating Master Submix 'MasterSubmixDefault'
[2020.09.17-17.23.34:879][531]LogAudioMixer: Display: Creating Master Submix 'MasterReverbSubmixDefault'
[2020.09.17-17.23.34:879][531]LogAudioMixer: Display: Creating Master Submix 'MasterEQSubmixDefault'
[2020.09.17-17.23.34:897][531]LogInit: FAudioDevice initialized.
[2020.09.17-17.23.34:916][531]LogLoad: Game class is 'GameModeBase'
[2020.09.17-17.23.34:917][531]LogWorld: Bringing World /Game/Maps/UEDPIE_0_ParaPong.ParaPong up for play (max tick rate 60) at 2020.09.17-14.23.34
[2020.09.17-17.23.34:917][531]LogWorld: Bringing up level for play took: 0.001167
[2020.09.17-17.23.34:918][531]LogOnline: OSS: Creating online subsystem instance for: :Context_11
[2020.09.17-17.23.34:922][531]PIE: Server logged in
[2020.09.17-17.23.34:924][531]PIE: Play in editor total start time 0.171 seconds.
[2020.09.17-17.23.40:424][835]LogSlate: Updating window title bar state: overlay mode, drag disabled, window buttons hidden, title bar hidden
[2020.09.17-17.23.40:424][835]LogWorld: BeginTearingDown for /Game/Maps/UEDPIE_0_ParaPong
[2020.09.17-17.23.40:425][835]LogWorld: UWorld::CleanupWorld for ParaPong, bSessionEnded=true, bCleanupResources=true
[2020.09.17-17.23.40:425][835]LogSlate: InvalidateAllWidgets triggered.  All widgets were invalidated
[2020.09.17-17.23.40:444][835]LogPlayLevel: Display: Shutting down PIE online subsystems
[2020.09.17-17.23.40:451][835]LogSlate: InvalidateAllWidgets triggered.  All widgets were invalidated
[2020.09.17-17.23.40:513][835]LogSlate: Updating window title bar state: overlay mode, drag disabled, window buttons hidden, title bar hidden
[2020.09.17-17.23.40:516][835]LogAISub: UAISubsystem::~UAISubsystem AIPerceptionSystem (0000026D9EEF2200), frame # 24835
[2020.09.17-17.23.40:516][835]LogAISub: UAISubsystem::~UAISubsystem EnvQueryManager (0000026D9EEE9000), frame # 24835
[2020.09.17-17.23.40:519][835]LogUObjectHash: Compacting FUObjectHashTables data took   2.63ms
[2020.09.17-17.23.40:559][836]LogPlayLevel: Display: Destroying online subsystem :Context_11
[2020.09.17-17.24.08:307][ 94]LogUObjectHash: Compacting FUObjectHashTables data took   3.84ms
[2020.09.17-17.24.08:355][ 94]LogSavePackage: Moving '../../../../../../Users/ms7mu/Desktop/documentos/git/muriloms/game-parapong/ParaPong/Saved/ParaPong_Auto477B2C0D3482AA3E57D3DDE9DBCFF12F2.tmp' to '../../../../../../Users/ms7mu/Desktop/documentos/git/muriloms/game-parapong/ParaPong/Saved/Autosaves/Game/Maps/ParaPong_Auto4.umap'
[2020.09.17-17.24.08:362][ 94]LogFileHelpers: Editor autosave (incl. sublevels) for '/Game/Maps/ParaPong' took 0.116
[2020.09.17-17.24.08:363][ 94]LogFileHelpers: Editor autosave (incl. sublevels) for all levels took 0.116
[2020.09.17-17.24.08:364][ 94]OBJ SavePackage: Generating thumbnails for [1] asset(s) in package [/Game/Ball/BP_BallGame] ([1] browsable assets)...
[2020.09.17-17.24.08:478][ 94]OBJ SavePackage:     Rendered thumbnail for [Blueprint /Game/Ball/BP_BallGame.BP_BallGame]
[2020.09.17-17.24.08:478][ 94]OBJ SavePackage: Finished generating thumbnails for package [/Game/Ball/BP_BallGame]
[2020.09.17-17.24.08:515][ 94]LogSavePackage: Moving '../../../../../../Users/ms7mu/Desktop/documentos/git/muriloms/game-parapong/ParaPong/Saved/BP_BallGame_Auto4E90018714718E92E2A1A2FB346C06D58.tmp' to '../../../../../../Users/ms7mu/Desktop/documentos/git/muriloms/game-parapong/ParaPong/Saved/Autosaves/Game/Ball/BP_BallGame_Auto4.uasset'
[2020.09.17-17.24.08:517][ 94]LogFileHelpers: Auto-saving content packages took 0.154
[2020.09.17-17.30.17:800][194]LogHotReload: New module detected: UE4Editor-ParaPong-0007.dll
[2020.09.17-17.30.18:835][198]LogHotReload: Starting Hot-Reload from IDE
[2020.09.17-17.30.18:904][198]LogHotReload: Re-instancing Ball after hot-reload.
[2020.09.17-17.30.19:000][198]LogContentBrowser: Native class hierarchy updated for 'ParaPong' in 0.0006 seconds. Added 2 classes and 2 folders.
[2020.09.17-17.30.19:007][198]Display: HotReload successful (0 functions remapped  0 scriptstructs remapped)
[2020.09.17-17.30.19:183][198]LogContentBrowser: Native class hierarchy populated in 0.0112 seconds. Added 3429 classes and 823 folders.
[2020.09.17-17.30.19:187][198]Display: HotReload took  0.4s.
[2020.09.17-17.30.41:396][262]LogHotReload: New module detected: UE4Editor-ParaPong-0008.dll
[2020.09.17-17.30.42:764][267]LogHotReload: Starting Hot-Reload from IDE
[2020.09.17-17.30.42:888][267]LogHotReload: Re-instancing Ball after hot-reload.
[2020.09.17-17.30.42:998][267]LogContentBrowser: Native class hierarchy updated for 'ParaPong' in 0.0006 seconds. Added 2 classes and 2 folders.
[2020.09.17-17.30.43:008][267]Display: HotReload successful (0 functions remapped  0 scriptstructs remapped)
[2020.09.17-17.30.43:204][267]LogContentBrowser: Native class hierarchy populated in 0.0095 seconds. Added 3429 classes and 823 folders.
[2020.09.17-17.30.43:209][267]Display: HotReload took  0.4s.
